

Microchip MPLAB XC8 Assembler V2.31 build 20201012212115 
                                                                                               Thu Feb 25 15:28:30 2021

Microchip MPLAB XC8 C Compiler v2.31 (Free license) build 20201012212115 Og1 
     1                           	processor	18F27Q43
     2                           	fnconf	rparam,??,?,0
     3                           	pagewidth 120
     4                           	opt	flic
     5                           	psect	idataCOMRAM,global,class=CODE,delta=1,noexec
     6                           	psect	cinit,global,reloc=2,class=CODE,delta=1
     7                           	psect	bssCOMRAM,global,class=COMRAM,space=1,delta=1,lowdata,noexec
     8                           	psect	dataCOMRAM,global,class=COMRAM,space=1,delta=1,lowdata,noexec
     9                           	psect	cstackCOMRAM,global,class=COMRAM,space=1,delta=1,lowdata,noexec
    10                           	psect	text0,global,reloc=2,class=CODE,delta=1
    11                           	psect	text1,global,reloc=2,class=CODE,delta=1
    12                           	psect	text2,global,reloc=2,class=CODE,delta=1
    13                           	psect	text3,global,reloc=2,class=CODE,delta=1
    14                           	psect	text4,global,reloc=2,class=CODE,delta=1
    15                           	psect	text5,global,reloc=2,class=CODE,delta=1
    16                           	psect	text6,global,reloc=2,class=CODE,delta=1
    17                           	psect	intsave_regs,global,class=BIGRAM,space=1,delta=1,noexec
    18                           	psect	rparam,global,class=COMRAM,space=1,delta=1,noexec
    19                           	psect	idloc,global,abs,ovrld,class=IDLOC,space=5,delta=1,noexec
    20                           	psect	config,global,abs,ovrld,class=CONFIG,space=4,delta=1,noexec
    21  0000                     
    22                           ; Version 2.30
    23                           ; Generated 20/08/2020 GMT
    24                           ; 
    25                           ; Copyright © 2020, Microchip Technology Inc. and its subsidiaries ("Microchip")
    26                           ; All rights reserved.
    27                           ; 
    28                           ; This software is developed by Microchip Technology Inc. and its subsidiaries ("Microch
      +                          ip").
    29                           ; 
    30                           ; Redistribution and use in source and binary forms, with or without modification, are
    31                           ; permitted provided that the following conditions are met:
    32                           ; 
    33                           ;     1. Redistributions of source code must retain the above copyright notice, this lis
      +                          t of
    34                           ;        conditions and the following disclaimer.
    35                           ; 
    36                           ;     2. Redistributions in binary form must reproduce the above copyright notice, this 
      +                          list
    37                           ;        of conditions and the following disclaimer in the documentation and/or other
    38                           ;        materials provided with the distribution. Publication is not required when
    39                           ;        this file is used in an embedded application.
    40                           ; 
    41                           ;     3. Microchip's name may not be used to endorse or promote products derived from th
      +                          is
    42                           ;        software without specific prior written permission.
    43                           ; 
    44                           ; THIS SOFTWARE IS PROVIDED BY MICROCHIP "AS IS" AND ANY EXPRESS OR IMPLIED WARRANTIES,
    45                           ; INCLUDING, BUT NOT LIMITED TO, THE IMPLIED WARRANTIES OF MERCHANTABILITY AND FITNESS F
      +                          OR
    46                           ; PURPOSE ARE DISCLAIMED.  IN NO EVENT SHALL MICROCHIP BE LIABLE FOR ANY DIRECT, INDIREC
      +                          T,
    47                           ; INCIDENTAL, SPECIAL, EXEMPLARY, OR CONSEQUENTIAL DAMAGES (INCLUDING BUT NOT LIMITED TO
    48                           ; PROCUREMENT OF SUBSTITUTE GOODS OR SERVICES; LOSS OF USE, DATA OR PROFITS; OR BUSINESS
    49                           ; INTERRUPTION) HOWSOEVER CAUSED AND ON ANY THEORY OF LIABILITY, WHETHER IN CONTRACT, ST
      +                          RICT
    50                           ; LIABILITY, OR TORT (INCLUDING NEGLIGENCE OR OTHERWISE) ARISING IN ANY WAY OUT OF THE U
      +                          SE OF
    51                           ; THIS SOFTWARE, EVEN IF ADVISED OF THE POSSIBILITY OF SUCH DAMAGE.
    52                           ; 
    53                           ; 
    54                           ; Code-generator required, PIC18F27Q43 Definitions
    55                           ; 
    56                           ; SFR Addresses
    57  0000                     
    58                           	psect	idataCOMRAM
    59  01FEDC                     __pidataCOMRAM:
    60                           	callstack 0
    61                           
    62                           ;initializer for UserAppRun@u32switch
    63  01FEDC  0011               	dw	17
    64  01FEDE  0000               	dw	0
    65  0000                     _ANSELA	set	1024
    66  0000                     _ANSELB	set	1032
    67  0000                     _TRISA	set	1222
    68  0000                     _LATA	set	1214
    69  0000                     _TRISB	set	1223
    70  0000                     _PORTB	set	1231
    71                           
    72                           ; #config settings
    73                           
    74                           	psect	cinit
    75  01FF40                     __pcinit:
    76                           	callstack 0
    77  01FF40                     start_initialization:
    78                           	callstack 0
    79  01FF40                     __initialization:
    80                           	callstack 0
    81                           
    82                           ; Initialize objects allocated to COMRAM (4 bytes)
    83                           ; load TBLPTR registers with __pidataCOMRAM
    84  01FF40  0EDC               	movlw	low __pidataCOMRAM
    85  01FF42  6EF6               	movwf	tblptrl,c
    86  01FF44  0EFE               	movlw	high __pidataCOMRAM
    87  01FF46  6EF7               	movwf	tblptrh,c
    88  01FF48  0E01               	movlw	low (__pidataCOMRAM shr (0+16))
    89  01FF4A  6EF8               	movwf	tblptru,c
    90  01FF4C  EE01  F112         	lfsr	0,__pdataCOMRAM
    91  01FF50  EE10 F004          	lfsr	1,4
    92  01FF54                     copy_data0:
    93  01FF54  0009               	tblrd		*+
    94  01FF56  C4F5 F4EE          	movff	tablat,postinc0
    95  01FF5A  50E5               	movf	postdec1,w,c
    96  01FF5C  50E1               	movf	fsr1l,w,c
    97  01FF5E  E1FA               	bnz	copy_data0
    98                           
    99                           ; Clear objects allocated to COMRAM (17 bytes)
   100  01FF60  EE01  F101         	lfsr	0,__pbssCOMRAM
   101  01FF64  0E11               	movlw	17
   102  01FF66                     clear_0:
   103  01FF66  6AEE               	clrf	postinc0,c
   104  01FF68  06E8               	decf	wreg,f,c
   105  01FF6A  E1FD               	bnz	clear_0
   106  01FF6C                     end_of_initialization:
   107                           	callstack 0
   108  01FF6C                     __end_of__initialization:
   109                           	callstack 0
   110  01FF6C  0100               	movlb	0
   111  01FF6E  EF8F  F0FF         	goto	_main	;jump to C main() function
   112                           
   113                           	psect	bssCOMRAM
   114  000501                     __pbssCOMRAM:
   115                           	callstack 0
   116  000501                     UserAppRun@u32counter:
   117                           	callstack 0
   118  000501                     	ds	4
   119  000505                     _G_u32SystemFlags:
   120                           	callstack 0
   121  000505                     	ds	4
   122  000509                     _G_u32SystemTime1s:
   123                           	callstack 0
   124  000509                     	ds	4
   125  00050D                     _G_u32SystemTime1ms:
   126                           	callstack 0
   127  00050D                     	ds	4
   128  000511                     _G_u8UserAppFlags:
   129                           	callstack 0
   130  000511                     	ds	1
   131                           
   132                           	psect	dataCOMRAM
   133  000512                     __pdataCOMRAM:
   134                           	callstack 0
   135  000512                     UserAppRun@u32switch:
   136                           	callstack 0
   137  000512                     	ds	4
   138                           
   139                           	psect	cstackCOMRAM
   140  000000                     __pcstackCOMRAM:
   141                           	callstack 0
   142  000000                     
   143                           ; 1 bytes @ 0x0
   144 ;;
   145 ;;Main: autosize = 0, tempsize = 0, incstack = 0, save=0
   146 ;;
   147 ;; *************** function _main *****************
   148 ;; Defined at:
   149 ;;		line 35 in file "../../../PIC_Activity3/Code/main.c"
   150 ;; Parameters:    Size  Location     Type
   151 ;;		None
   152 ;; Auto vars:     Size  Location     Type
   153 ;;		None
   154 ;; Return value:  Size  Location     Type
   155 ;;                  1    wreg      void 
   156 ;; Registers used:
   157 ;;		wreg, status,2, status,0, cstack
   158 ;; Tracked objects:
   159 ;;		On entry : 0/0
   160 ;;		On exit  : 0/0
   161 ;;		Unchanged: 0/0
   162 ;; Data sizes:     COMRAM   BANK5   BANK6   BANK7   BANK8   BANK9  BANK10  BANK11  BANK12  BANK13  BANK14  BANK15  BANK1
      +6  BANK17  BANK18  BANK19  BANK20  BANK21  BANK22  BANK23  BANK24  BANK25  BANK26  BANK27  BANK28  BANK29  BANK30  BANK3
      +1  BANK32  BANK33  BANK34  BANK35  BANK36  BANK37
   163 ;;      Params:         0       0       0       0       0       0       0       0       0       0       0       0       
      +0       0       0       0       0       0       0       0       0       0       0       0       0       0       0       
      +0       0       0       0       0       0       0
   164 ;;      Locals:         0       0       0       0       0       0       0       0       0       0       0       0       
      +0       0       0       0       0       0       0       0       0       0       0       0       0       0       0       
      +0       0       0       0       0       0       0
   165 ;;      Temps:          0       0       0       0       0       0       0       0       0       0       0       0       
      +0       0       0       0       0       0       0       0       0       0       0       0       0       0       0       
      +0       0       0       0       0       0       0
   166 ;;      Totals:         0       0       0       0       0       0       0       0       0       0       0       0       
      +0       0       0       0       0       0       0       0       0       0       0       0       0       0       0       
      +0       0       0       0       0       0       0
   167 ;;Total ram usage:        0 bytes
   168 ;; Hardware stack levels required when called:    1
   169 ;; This function calls:
   170 ;;		_ClockSetup
   171 ;;		_GpioSetup
   172 ;;		_SysTickSetup
   173 ;;		_SystemSleep
   174 ;;		_UserAppInitialize
   175 ;;		_UserAppRun
   176 ;; This function is called by:
   177 ;;		Startup code after reset
   178 ;; This function uses a non-reentrant model
   179 ;;
   180                           
   181                           	psect	text0
   182  01FF1E                     __ptext0:
   183                           	callstack 0
   184  01FF1E                     _main:
   185                           	callstack 127
   186  01FF1E                     
   187                           ;../../../PIC_Activity3/Code/main.c: 37:   G_u32SystemFlags |= (u32)0x80000000;
   188  01FF1E  8E08               	bsf	(_G_u32SystemFlags+3)^(0+1280),7,c	;volatile
   189  01FF20                     
   190                           ;../../../PIC_Activity3/Code/main.c: 40:   ClockSetup();
   191  01FF20  EC6B  F0FF         	call	_ClockSetup	;wreg free
   192  01FF24                     
   193                           ;../../../PIC_Activity3/Code/main.c: 41:   SysTickSetup();
   194  01FF24  EC7E  F0FF         	call	_SysTickSetup	;wreg free
   195  01FF28                     
   196                           ;../../../PIC_Activity3/Code/main.c: 42:   GpioSetup();
   197  01FF28  EC70  F0FF         	call	_GpioSetup	;wreg free
   198  01FF2C                     
   199                           ;../../../PIC_Activity3/Code/main.c: 47:   UserAppInitialize();
   200  01FF2C  EC6D  F0FF         	call	_UserAppInitialize	;wreg free
   201  01FF30                     l802:
   202                           
   203                           ;../../../PIC_Activity3/Code/main.c: 53:   {;../../../PIC_Activity3/Code/main.c: 57:    
      +                           UserAppRun();
   204  01FF30  ECB9  F0FF         	call	_UserAppRun	;wreg free
   205  01FF34                     
   206                           ;../../../PIC_Activity3/Code/main.c: 62:     SystemSleep();
   207  01FF34  EC6C  F0FF         	call	_SystemSleep	;wreg free
   208  01FF38  EF98  F0FF         	goto	l802
   209  01FF3C  EFFE  F0FF         	goto	start
   210  01FF40                     __end_of_main:
   211                           	callstack 0
   212                           
   213 ;; *************** function _UserAppRun *****************
   214 ;; Defined at:
   215 ;;		line 95 in file "../../../PIC_Activity3/Code/user_app.c"
   216 ;; Parameters:    Size  Location     Type
   217 ;;		None
   218 ;; Auto vars:     Size  Location     Type
   219 ;;		None
   220 ;; Return value:  Size  Location     Type
   221 ;;                  1    wreg      void 
   222 ;; Registers used:
   223 ;;		wreg, status,2, status,0
   224 ;; Tracked objects:
   225 ;;		On entry : 0/0
   226 ;;		On exit  : 0/0
   227 ;;		Unchanged: 0/0
   228 ;; Data sizes:     COMRAM   BANK5   BANK6   BANK7   BANK8   BANK9  BANK10  BANK11  BANK12  BANK13  BANK14  BANK15  BANK1
      +6  BANK17  BANK18  BANK19  BANK20  BANK21  BANK22  BANK23  BANK24  BANK25  BANK26  BANK27  BANK28  BANK29  BANK30  BANK3
      +1  BANK32  BANK33  BANK34  BANK35  BANK36  BANK37
   229 ;;      Params:         0       0       0       0       0       0       0       0       0       0       0       0       
      +0       0       0       0       0       0       0       0       0       0       0       0       0       0       0       
      +0       0       0       0       0       0       0
   230 ;;      Locals:         0       0       0       0       0       0       0       0       0       0       0       0       
      +0       0       0       0       0       0       0       0       0       0       0       0       0       0       0       
      +0       0       0       0       0       0       0
   231 ;;      Temps:          0       0       0       0       0       0       0       0       0       0       0       0       
      +0       0       0       0       0       0       0       0       0       0       0       0       0       0       0       
      +0       0       0       0       0       0       0
   232 ;;      Totals:         0       0       0       0       0       0       0       0       0       0       0       0       
      +0       0       0       0       0       0       0       0       0       0       0       0       0       0       0       
      +0       0       0       0       0       0       0
   233 ;;Total ram usage:        0 bytes
   234 ;; Hardware stack levels used:    1
   235 ;; This function calls:
   236 ;;		Nothing
   237 ;; This function is called by:
   238 ;;		_main
   239 ;; This function uses a non-reentrant model
   240 ;;
   241                           
   242                           	psect	text1
   243  01FF72                     __ptext1:
   244                           	callstack 0
   245  01FF72                     _UserAppRun:
   246                           	callstack 127
   247  01FF72                     
   248                           ;../../../PIC_Activity3/Code/user_app.c: 97:     static u32 u32switch = 0x11;;../../../P
      +                          IC_Activity3/Code/user_app.c: 98:     static u32 u32counter = 0x00;;../../../PIC_Activit
      +                          y3/Code/user_app.c: 100:     if (PORTB == 0) {
   249  01FF72  50CF               	movf	207,w,c	;volatile
   250  01FF74  A4D8               	btfss	status,2,c
   251  01FF76  EFBF  F0FF         	goto	u11
   252  01FF7A  EFC1  F0FF         	goto	u10
   253  01FF7E                     u11:
   254  01FF7E  EFE7  F0FF         	goto	l770
   255  01FF82                     u10:
   256  01FF82                     
   257                           ;../../../PIC_Activity3/Code/user_app.c: 101:         u32counter = 0x01;
   258  01FF82  0E01               	movlw	1
   259  01FF84  6E01               	movwf	UserAppRun@u32counter^(0+1280),c
   260  01FF86  0E00               	movlw	0
   261  01FF88  6E02               	movwf	(UserAppRun@u32counter+1)^(0+1280),c
   262  01FF8A  0E00               	movlw	0
   263  01FF8C  6E03               	movwf	(UserAppRun@u32counter+2)^(0+1280),c
   264  01FF8E  0E00               	movlw	0
   265  01FF90  6E04               	movwf	(UserAppRun@u32counter+3)^(0+1280),c
   266  01FF92                     
   267                           ;../../../PIC_Activity3/Code/user_app.c: 102:         u32switch += 0x01;
   268  01FF92  0E01               	movlw	1
   269  01FF94  2612               	addwf	UserAppRun@u32switch^(0+1280),f,c
   270  01FF96  0E00               	movlw	0
   271  01FF98  2213               	addwfc	(UserAppRun@u32switch+1)^(0+1280),f,c
   272  01FF9A  2214               	addwfc	(UserAppRun@u32switch+2)^(0+1280),f,c
   273  01FF9C  2215               	addwfc	(UserAppRun@u32switch+3)^(0+1280),f,c
   274  01FF9E  EFE7  F0FF         	goto	l770
   275  01FFA2                     l762:
   276                           
   277                           ;../../../PIC_Activity3/Code/user_app.c: 106:         if(PORTB) {
   278  01FFA2  50CF               	movf	207,w,c	;volatile
   279  01FFA4  B4D8               	btfsc	status,2,c
   280  01FFA6  EFD7  F0FF         	goto	u21
   281  01FFAA  EFD9  F0FF         	goto	u20
   282  01FFAE                     u21:
   283  01FFAE  EFE7  F0FF         	goto	l770
   284  01FFB2                     u20:
   285  01FFB2                     
   286                           ;../../../PIC_Activity3/Code/user_app.c: 107:             LATA ++;
   287  01FFB2  2ABE               	incf	190,f,c	;volatile
   288  01FFB4                     
   289                           ;../../../PIC_Activity3/Code/user_app.c: 108:             u32counter = 0x00;
   290  01FFB4  0E00               	movlw	0
   291  01FFB6  6E01               	movwf	UserAppRun@u32counter^(0+1280),c
   292  01FFB8  0E00               	movlw	0
   293  01FFBA  6E02               	movwf	(UserAppRun@u32counter+1)^(0+1280),c
   294  01FFBC  0E00               	movlw	0
   295  01FFBE  6E03               	movwf	(UserAppRun@u32counter+2)^(0+1280),c
   296  01FFC0  0E00               	movlw	0
   297  01FFC2  6E04               	movwf	(UserAppRun@u32counter+3)^(0+1280),c
   298  01FFC4                     
   299                           ;../../../PIC_Activity3/Code/user_app.c: 109:             u32switch -= 0x01;
   300  01FFC4  0612               	decf	UserAppRun@u32switch^(0+1280),f,c
   301  01FFC6  0E00               	movlw	0
   302  01FFC8  5A13               	subwfb	(UserAppRun@u32switch+1)^(0+1280),f,c
   303  01FFCA  5A14               	subwfb	(UserAppRun@u32switch+2)^(0+1280),f,c
   304  01FFCC  5A15               	subwfb	(UserAppRun@u32switch+3)^(0+1280),f,c
   305  01FFCE                     l770:
   306                           
   307                           ;../../../PIC_Activity3/Code/user_app.c: 105:     while(u32counter) {
   308  01FFCE  5001               	movf	UserAppRun@u32counter^(0+1280),w,c
   309  01FFD0  1002               	iorwf	(UserAppRun@u32counter+1)^(0+1280),w,c
   310  01FFD2  1003               	iorwf	(UserAppRun@u32counter+2)^(0+1280),w,c
   311  01FFD4  1004               	iorwf	(UserAppRun@u32counter+3)^(0+1280),w,c
   312  01FFD6  A4D8               	btfss	status,2,c
   313  01FFD8  EFF0  F0FF         	goto	u31
   314  01FFDC  EFF2  F0FF         	goto	u30
   315  01FFE0                     u31:
   316  01FFE0  EFD1  F0FF         	goto	l762
   317  01FFE4                     u30:
   318  01FFE4                     
   319                           ;../../../PIC_Activity3/Code/user_app.c: 113:     if (LATA == 0xC0) {
   320  01FFE4  0EC0               	movlw	192
   321  01FFE6  18BE               	xorwf	190,w,c	;volatile
   322  01FFE8  A4D8               	btfss	status,2,c
   323  01FFEA  EFF9  F0FF         	goto	u41
   324  01FFEE  EFFB  F0FF         	goto	u40
   325  01FFF2                     u41:
   326  01FFF2  EFFD  F0FF         	goto	l76
   327  01FFF6                     u40:
   328  01FFF6                     
   329                           ;../../../PIC_Activity3/Code/user_app.c: 114:         LATA = 0x80;
   330  01FFF6  0E80               	movlw	128
   331  01FFF8  6EBE               	movwf	190,c	;volatile
   332  01FFFA                     l76:
   333  01FFFA  0012               	return		;funcret
   334  01FFFC                     __end_of_UserAppRun:
   335                           	callstack 0
   336                           
   337 ;; *************** function _UserAppInitialize *****************
   338 ;; Defined at:
   339 ;;		line 76 in file "../../../PIC_Activity3/Code/user_app.c"
   340 ;; Parameters:    Size  Location     Type
   341 ;;		None
   342 ;; Auto vars:     Size  Location     Type
   343 ;;		None
   344 ;; Return value:  Size  Location     Type
   345 ;;                  1    wreg      void 
   346 ;; Registers used:
   347 ;;		None
   348 ;; Tracked objects:
   349 ;;		On entry : 0/0
   350 ;;		On exit  : 0/0
   351 ;;		Unchanged: 0/0
   352 ;; Data sizes:     COMRAM   BANK5   BANK6   BANK7   BANK8   BANK9  BANK10  BANK11  BANK12  BANK13  BANK14  BANK15  BANK1
      +6  BANK17  BANK18  BANK19  BANK20  BANK21  BANK22  BANK23  BANK24  BANK25  BANK26  BANK27  BANK28  BANK29  BANK30  BANK3
      +1  BANK32  BANK33  BANK34  BANK35  BANK36  BANK37
   353 ;;      Params:         0       0       0       0       0       0       0       0       0       0       0       0       
      +0       0       0       0       0       0       0       0       0       0       0       0       0       0       0       
      +0       0       0       0       0       0       0
   354 ;;      Locals:         0       0       0       0       0       0       0       0       0       0       0       0       
      +0       0       0       0       0       0       0       0       0       0       0       0       0       0       0       
      +0       0       0       0       0       0       0
   355 ;;      Temps:          0       0       0       0       0       0       0       0       0       0       0       0       
      +0       0       0       0       0       0       0       0       0       0       0       0       0       0       0       
      +0       0       0       0       0       0       0
   356 ;;      Totals:         0       0       0       0       0       0       0       0       0       0       0       0       
      +0       0       0       0       0       0       0       0       0       0       0       0       0       0       0       
      +0       0       0       0       0       0       0
   357 ;;Total ram usage:        0 bytes
   358 ;; Hardware stack levels used:    1
   359 ;; This function calls:
   360 ;;		Nothing
   361 ;; This function is called by:
   362 ;;		_main
   363 ;; This function uses a non-reentrant model
   364 ;;
   365                           
   366                           	psect	text2
   367  01FEDA                     __ptext2:
   368                           	callstack 0
   369  01FEDA                     _UserAppInitialize:
   370                           	callstack 127
   371  01FEDA  0012               	return		;funcret
   372  01FEDC                     __end_of_UserAppInitialize:
   373                           	callstack 0
   374                           
   375 ;; *************** function _SystemSleep *****************
   376 ;; Defined at:
   377 ;;		line 135 in file "../../../PIC_Activity3/Code/encm369_pic18.c"
   378 ;; Parameters:    Size  Location     Type
   379 ;;		None
   380 ;; Auto vars:     Size  Location     Type
   381 ;;		None
   382 ;; Return value:  Size  Location     Type
   383 ;;                  1    wreg      void 
   384 ;; Registers used:
   385 ;;		None
   386 ;; Tracked objects:
   387 ;;		On entry : 0/0
   388 ;;		On exit  : 0/0
   389 ;;		Unchanged: 0/0
   390 ;; Data sizes:     COMRAM   BANK5   BANK6   BANK7   BANK8   BANK9  BANK10  BANK11  BANK12  BANK13  BANK14  BANK15  BANK1
      +6  BANK17  BANK18  BANK19  BANK20  BANK21  BANK22  BANK23  BANK24  BANK25  BANK26  BANK27  BANK28  BANK29  BANK30  BANK3
      +1  BANK32  BANK33  BANK34  BANK35  BANK36  BANK37
   391 ;;      Params:         0       0       0       0       0       0       0       0       0       0       0       0       
      +0       0       0       0       0       0       0       0       0       0       0       0       0       0       0       
      +0       0       0       0       0       0       0
   392 ;;      Locals:         0       0       0       0       0       0       0       0       0       0       0       0       
      +0       0       0       0       0       0       0       0       0       0       0       0       0       0       0       
      +0       0       0       0       0       0       0
   393 ;;      Temps:          0       0       0       0       0       0       0       0       0       0       0       0       
      +0       0       0       0       0       0       0       0       0       0       0       0       0       0       0       
      +0       0       0       0       0       0       0
   394 ;;      Totals:         0       0       0       0       0       0       0       0       0       0       0       0       
      +0       0       0       0       0       0       0       0       0       0       0       0       0       0       0       
      +0       0       0       0       0       0       0
   395 ;;Total ram usage:        0 bytes
   396 ;; Hardware stack levels used:    1
   397 ;; This function calls:
   398 ;;		Nothing
   399 ;; This function is called by:
   400 ;;		_main
   401 ;; This function uses a non-reentrant model
   402 ;;
   403                           
   404                           	psect	text3
   405  01FED8                     __ptext3:
   406                           	callstack 0
   407  01FED8                     _SystemSleep:
   408                           	callstack 127
   409  01FED8  0012               	return		;funcret
   410  01FEDA                     __end_of_SystemSleep:
   411                           	callstack 0
   412                           
   413 ;; *************** function _SysTickSetup *****************
   414 ;; Defined at:
   415 ;;		line 113 in file "../../../PIC_Activity3/Code/encm369_pic18.c"
   416 ;; Parameters:    Size  Location     Type
   417 ;;		None
   418 ;; Auto vars:     Size  Location     Type
   419 ;;		None
   420 ;; Return value:  Size  Location     Type
   421 ;;                  1    wreg      void 
   422 ;; Registers used:
   423 ;;		wreg, status,2
   424 ;; Tracked objects:
   425 ;;		On entry : 0/0
   426 ;;		On exit  : 0/0
   427 ;;		Unchanged: 0/0
   428 ;; Data sizes:     COMRAM   BANK5   BANK6   BANK7   BANK8   BANK9  BANK10  BANK11  BANK12  BANK13  BANK14  BANK15  BANK1
      +6  BANK17  BANK18  BANK19  BANK20  BANK21  BANK22  BANK23  BANK24  BANK25  BANK26  BANK27  BANK28  BANK29  BANK30  BANK3
      +1  BANK32  BANK33  BANK34  BANK35  BANK36  BANK37
   429 ;;      Params:         0       0       0       0       0       0       0       0       0       0       0       0       
      +0       0       0       0       0       0       0       0       0       0       0       0       0       0       0       
      +0       0       0       0       0       0       0
   430 ;;      Locals:         0       0       0       0       0       0       0       0       0       0       0       0       
      +0       0       0       0       0       0       0       0       0       0       0       0       0       0       0       
      +0       0       0       0       0       0       0
   431 ;;      Temps:          0       0       0       0       0       0       0       0       0       0       0       0       
      +0       0       0       0       0       0       0       0       0       0       0       0       0       0       0       
      +0       0       0       0       0       0       0
   432 ;;      Totals:         0       0       0       0       0       0       0       0       0       0       0       0       
      +0       0       0       0       0       0       0       0       0       0       0       0       0       0       0       
      +0       0       0       0       0       0       0
   433 ;;Total ram usage:        0 bytes
   434 ;; Hardware stack levels used:    1
   435 ;; This function calls:
   436 ;;		Nothing
   437 ;; This function is called by:
   438 ;;		_main
   439 ;; This function uses a non-reentrant model
   440 ;;
   441                           
   442                           	psect	text4
   443  01FEFC                     __ptext4:
   444                           	callstack 0
   445  01FEFC                     _SysTickSetup:
   446                           	callstack 127
   447  01FEFC                     
   448                           ;../../../PIC_Activity3/Code/encm369_pic18.c: 115:   G_u32SystemTime1ms = 0;
   449  01FEFC  0E00               	movlw	0
   450  01FEFE  6E0D               	movwf	_G_u32SystemTime1ms^(0+1280),c	;volatile
   451  01FF00  0E00               	movlw	0
   452  01FF02  6E0E               	movwf	(_G_u32SystemTime1ms+1)^(0+1280),c	;volatile
   453  01FF04  0E00               	movlw	0
   454  01FF06  6E0F               	movwf	(_G_u32SystemTime1ms+2)^(0+1280),c	;volatile
   455  01FF08  0E00               	movlw	0
   456  01FF0A  6E10               	movwf	(_G_u32SystemTime1ms+3)^(0+1280),c	;volatile
   457                           
   458                           ;../../../PIC_Activity3/Code/encm369_pic18.c: 116:   G_u32SystemTime1s = 0;
   459  01FF0C  0E00               	movlw	0
   460  01FF0E  6E09               	movwf	_G_u32SystemTime1s^(0+1280),c	;volatile
   461  01FF10  0E00               	movlw	0
   462  01FF12  6E0A               	movwf	(_G_u32SystemTime1s+1)^(0+1280),c	;volatile
   463  01FF14  0E00               	movlw	0
   464  01FF16  6E0B               	movwf	(_G_u32SystemTime1s+2)^(0+1280),c	;volatile
   465  01FF18  0E00               	movlw	0
   466  01FF1A  6E0C               	movwf	(_G_u32SystemTime1s+3)^(0+1280),c	;volatile
   467  01FF1C  0012               	return		;funcret
   468  01FF1E                     __end_of_SysTickSetup:
   469                           	callstack 0
   470                           
   471 ;; *************** function _GpioSetup *****************
   472 ;; Defined at:
   473 ;;		line 89 in file "../../../PIC_Activity3/Code/encm369_pic18.c"
   474 ;; Parameters:    Size  Location     Type
   475 ;;		None
   476 ;; Auto vars:     Size  Location     Type
   477 ;;		None
   478 ;; Return value:  Size  Location     Type
   479 ;;                  1    wreg      void 
   480 ;; Registers used:
   481 ;;		wreg, status,2
   482 ;; Tracked objects:
   483 ;;		On entry : 0/0
   484 ;;		On exit  : 0/0
   485 ;;		Unchanged: 0/0
   486 ;; Data sizes:     COMRAM   BANK5   BANK6   BANK7   BANK8   BANK9  BANK10  BANK11  BANK12  BANK13  BANK14  BANK15  BANK1
      +6  BANK17  BANK18  BANK19  BANK20  BANK21  BANK22  BANK23  BANK24  BANK25  BANK26  BANK27  BANK28  BANK29  BANK30  BANK3
      +1  BANK32  BANK33  BANK34  BANK35  BANK36  BANK37
   487 ;;      Params:         0       0       0       0       0       0       0       0       0       0       0       0       
      +0       0       0       0       0       0       0       0       0       0       0       0       0       0       0       
      +0       0       0       0       0       0       0
   488 ;;      Locals:         0       0       0       0       0       0       0       0       0       0       0       0       
      +0       0       0       0       0       0       0       0       0       0       0       0       0       0       0       
      +0       0       0       0       0       0       0
   489 ;;      Temps:          0       0       0       0       0       0       0       0       0       0       0       0       
      +0       0       0       0       0       0       0       0       0       0       0       0       0       0       0       
      +0       0       0       0       0       0       0
   490 ;;      Totals:         0       0       0       0       0       0       0       0       0       0       0       0       
      +0       0       0       0       0       0       0       0       0       0       0       0       0       0       0       
      +0       0       0       0       0       0       0
   491 ;;Total ram usage:        0 bytes
   492 ;; Hardware stack levels used:    1
   493 ;; This function calls:
   494 ;;		Nothing
   495 ;; This function is called by:
   496 ;;		_main
   497 ;; This function uses a non-reentrant model
   498 ;;
   499                           
   500                           	psect	text5
   501  01FEE0                     __ptext5:
   502                           	callstack 0
   503  01FEE0                     _GpioSetup:
   504                           	callstack 127
   505  01FEE0                     
   506                           ;../../../PIC_Activity3/Code/encm369_pic18.c: 91:     PORTB = 0x00;
   507  01FEE0  0E00               	movlw	0
   508  01FEE2  6ECF               	movwf	207,c	;volatile
   509                           
   510                           ;../../../PIC_Activity3/Code/encm369_pic18.c: 92:     ANSELB = 0x01;
   511  01FEE4  0E01               	movlw	1
   512  01FEE6  0104               	movlb	4	; () banked
   513  01FEE8  6F08               	movwf	8,b	;volatile
   514                           
   515                           ;../../../PIC_Activity3/Code/encm369_pic18.c: 93:     TRISB = 0x01;
   516  01FEEA  0E01               	movlw	1
   517  01FEEC  6EC7               	movwf	199,c	;volatile
   518                           
   519                           ;../../../PIC_Activity3/Code/encm369_pic18.c: 95:     LATA = 0x80;
   520  01FEEE  0E80               	movlw	128
   521  01FEF0  6EBE               	movwf	190,c	;volatile
   522                           
   523                           ;../../../PIC_Activity3/Code/encm369_pic18.c: 96:     ANSELA = 0x00;
   524  01FEF2  0E00               	movlw	0
   525  01FEF4  6F00               	movwf	0,b	;volatile
   526                           
   527                           ;../../../PIC_Activity3/Code/encm369_pic18.c: 97:     TRISA = 0x00;
   528  01FEF6  0E00               	movlw	0
   529  01FEF8  6EC6               	movwf	198,c	;volatile
   530  01FEFA                     
   531                           ; BSR set to: 4
   532  01FEFA  0012               	return		;funcret
   533  01FEFC                     __end_of_GpioSetup:
   534                           	callstack 0
   535                           
   536 ;; *************** function _ClockSetup *****************
   537 ;; Defined at:
   538 ;;		line 70 in file "../../../PIC_Activity3/Code/encm369_pic18.c"
   539 ;; Parameters:    Size  Location     Type
   540 ;;		None
   541 ;; Auto vars:     Size  Location     Type
   542 ;;		None
   543 ;; Return value:  Size  Location     Type
   544 ;;                  1    wreg      void 
   545 ;; Registers used:
   546 ;;		None
   547 ;; Tracked objects:
   548 ;;		On entry : 0/0
   549 ;;		On exit  : 0/0
   550 ;;		Unchanged: 0/0
   551 ;; Data sizes:     COMRAM   BANK5   BANK6   BANK7   BANK8   BANK9  BANK10  BANK11  BANK12  BANK13  BANK14  BANK15  BANK1
      +6  BANK17  BANK18  BANK19  BANK20  BANK21  BANK22  BANK23  BANK24  BANK25  BANK26  BANK27  BANK28  BANK29  BANK30  BANK3
      +1  BANK32  BANK33  BANK34  BANK35  BANK36  BANK37
   552 ;;      Params:         0       0       0       0       0       0       0       0       0       0       0       0       
      +0       0       0       0       0       0       0       0       0       0       0       0       0       0       0       
      +0       0       0       0       0       0       0
   553 ;;      Locals:         0       0       0       0       0       0       0       0       0       0       0       0       
      +0       0       0       0       0       0       0       0       0       0       0       0       0       0       0       
      +0       0       0       0       0       0       0
   554 ;;      Temps:          0       0       0       0       0       0       0       0       0       0       0       0       
      +0       0       0       0       0       0       0       0       0       0       0       0       0       0       0       
      +0       0       0       0       0       0       0
   555 ;;      Totals:         0       0       0       0       0       0       0       0       0       0       0       0       
      +0       0       0       0       0       0       0       0       0       0       0       0       0       0       0       
      +0       0       0       0       0       0       0
   556 ;;Total ram usage:        0 bytes
   557 ;; Hardware stack levels used:    1
   558 ;; This function calls:
   559 ;;		Nothing
   560 ;; This function is called by:
   561 ;;		_main
   562 ;; This function uses a non-reentrant model
   563 ;;
   564                           
   565                           	psect	text6
   566  01FED6                     __ptext6:
   567                           	callstack 0
   568  01FED6                     _ClockSetup:
   569                           	callstack 127
   570  01FED6  0012               	return		;funcret
   571  01FED8                     __end_of_ClockSetup:
   572                           	callstack 0
   573  0000                     
   574                           	psect	rparam
   575  0000                     
   576                           	psect	idloc
   577                           
   578                           ;Config register IDLOC0 @ 0x200000
   579                           ;	unspecified, using default values
   580  200000                     	org	2097152
   581  200000  0FFF               	dw	4095
   582                           
   583                           ;Config register IDLOC1 @ 0x200002
   584                           ;	unspecified, using default values
   585  200002                     	org	2097154
   586  200002  0FFF               	dw	4095
   587                           
   588                           ;Config register IDLOC2 @ 0x200004
   589                           ;	unspecified, using default values
   590  200004                     	org	2097156
   591  200004  0FFF               	dw	4095
   592                           
   593                           ;Config register IDLOC3 @ 0x200006
   594                           ;	unspecified, using default values
   595  200006                     	org	2097158
   596  200006  0FFF               	dw	4095
   597                           
   598                           ;Config register IDLOC4 @ 0x200008
   599                           ;	unspecified, using default values
   600  200008                     	org	2097160
   601  200008  0FFF               	dw	4095
   602                           
   603                           ;Config register IDLOC5 @ 0x20000A
   604                           ;	unspecified, using default values
   605  20000A                     	org	2097162
   606  20000A  0FFF               	dw	4095
   607                           
   608                           ;Config register IDLOC6 @ 0x20000C
   609                           ;	unspecified, using default values
   610  20000C                     	org	2097164
   611  20000C  0FFF               	dw	4095
   612                           
   613                           ;Config register IDLOC7 @ 0x20000E
   614                           ;	unspecified, using default values
   615  20000E                     	org	2097166
   616  20000E  0FFF               	dw	4095
   617                           
   618                           ;Config register IDLOC8 @ 0x200010
   619                           ;	unspecified, using default values
   620  200010                     	org	2097168
   621  200010  0FFF               	dw	4095
   622                           
   623                           ;Config register IDLOC9 @ 0x200012
   624                           ;	unspecified, using default values
   625  200012                     	org	2097170
   626  200012  0FFF               	dw	4095
   627                           
   628                           ;Config register IDLOC10 @ 0x200014
   629                           ;	unspecified, using default values
   630  200014                     	org	2097172
   631  200014  0FFF               	dw	4095
   632                           
   633                           ;Config register IDLOC11 @ 0x200016
   634                           ;	unspecified, using default values
   635  200016                     	org	2097174
   636  200016  0FFF               	dw	4095
   637                           
   638                           ;Config register IDLOC12 @ 0x200018
   639                           ;	unspecified, using default values
   640  200018                     	org	2097176
   641  200018  0FFF               	dw	4095
   642                           
   643                           ;Config register IDLOC13 @ 0x20001A
   644                           ;	unspecified, using default values
   645  20001A                     	org	2097178
   646  20001A  0FFF               	dw	4095
   647                           
   648                           ;Config register IDLOC14 @ 0x20001C
   649                           ;	unspecified, using default values
   650  20001C                     	org	2097180
   651  20001C  0FFF               	dw	4095
   652                           
   653                           ;Config register IDLOC15 @ 0x20001E
   654                           ;	unspecified, using default values
   655  20001E                     	org	2097182
   656  20001E  0FFF               	dw	4095
   657                           
   658                           	psect	config
   659                           
   660                           ;Config register CONFIG1 @ 0x300000
   661                           ;	External Oscillator Selection
   662                           ;	FEXTOSC = OFF, Oscillator not enabled
   663                           ;	Reset Oscillator Selection
   664                           ;	RSTOSC = HFINTOSC_64MHZ, HFINTOSC with HFFRQ = 64 MHz and CDIV = 1:1
   665  300000                     	org	3145728
   666  300000  8C                 	db	140
   667                           
   668                           ;Config register CONFIG2 @ 0x300001
   669                           ;	Clock out Enable bit
   670                           ;	CLKOUTEN = ON, CLKOUT function is enabled
   671                           ;	PRLOCKED One-Way Set Enable bit
   672                           ;	PR1WAY = ON, PRLOCKED bit can be cleared and set only once
   673                           ;	Clock Switch Enable bit
   674                           ;	CSWEN = ON, Writing to NOSC and NDIV is allowed
   675                           ;	Fail-Safe Clock Monitor Enable bit
   676                           ;	FCMEN = ON, Fail-Safe Clock Monitor enabled
   677  300001                     	org	3145729
   678  300001  FE                 	db	254
   679                           
   680                           ;Config register CONFIG3 @ 0x300002
   681                           ;	MCLR Enable bit
   682                           ;	MCLRE = EXTMCLR, If LVP = 0, MCLR pin is MCLR; If LVP = 1, RE3 pin function is MCLR
   683                           ;	Power-up timer selection bits
   684                           ;	PWRTS = PWRT_OFF, PWRT is disabled
   685                           ;	Multi-vector enable bit
   686                           ;	MVECEN = ON, Multi-vector enabled, Vector table used for interrupts
   687                           ;	IVTLOCK bit One-way set enable bit
   688                           ;	IVT1WAY = ON, IVTLOCKED bit can be cleared and set only once
   689                           ;	Low Power BOR Enable bit
   690                           ;	LPBOREN = OFF, Low-Power BOR disabled
   691                           ;	Brown-out Reset Enable bits
   692                           ;	BOREN = SBORDIS, Brown-out Reset enabled , SBOREN bit is ignored
   693  300002                     	org	3145730
   694  300002  FF                 	db	255
   695                           
   696                           ;Config register CONFIG4 @ 0x300003
   697                           ;	Brown-out Reset Voltage Selection bits
   698                           ;	BORV = VBOR_2P85, Brown-out Reset Voltage (VBOR) set to 2.8V
   699                           ;	ZCD Disable bit
   700                           ;	ZCD = OFF, ZCD module is disabled. ZCD can be enabled by setting the ZCDSEN bit of ZCD
      +                          CON
   701                           ;	PPSLOCK bit One-Way Set Enable bit
   702                           ;	PPS1WAY = ON, PPSLOCKED bit can be cleared and set only once; PPS registers remain loc
      +                          ked after one clear/set cycle
   703                           ;	Stack Full/Underflow Reset Enable bit
   704                           ;	STVREN = ON, Stack full/underflow will cause Reset
   705                           ;	Low Voltage Programming Enable bit
   706                           ;	LVP = ON, Low voltage programming enabled. MCLR/VPP pin function is MCLR. MCLRE config
      +                          uration bit is ignored
   707                           ;	Extended Instruction Set Enable bit
   708                           ;	XINST = OFF, Extended Instruction Set and Indexed Addressing Mode disabled
   709  300003                     	org	3145731
   710  300003  FC                 	db	252
   711                           
   712                           ;Config register CONFIG5 @ 0x300004
   713                           ;	WDT Period selection bits
   714                           ;	WDTCPS = WDTCPS_31, Divider ratio 1:65536; software control of WDTPS
   715                           ;	WDT operating mode
   716                           ;	WDTE = OFF, WDT Disabled; SWDTEN is ignored
   717  300004                     	org	3145732
   718  300004  9F                 	db	159
   719                           
   720                           ;Config register CONFIG6 @ 0x300005
   721                           ;	WDT Window Select bits
   722                           ;	WDTCWS = WDTCWS_7, window always open (100%); software control; keyed access not requi
      +                          red
   723                           ;	WDT input clock selector
   724                           ;	WDTCCS = SC, Software Control
   725  300005                     	org	3145733
   726  300005  FF                 	db	255
   727                           
   728                           ;Config register CONFIG7 @ 0x300006
   729                           ;	Boot Block Size selection bits
   730                           ;	BBSIZE = BBSIZE_512, Boot Block size is 512 words
   731                           ;	Boot Block enable bit
   732                           ;	BBEN = OFF, Boot block disabled
   733                           ;	Storage Area Flash enable bit
   734                           ;	SAFEN = OFF, SAF disabled
   735                           ;	Background Debugger
   736                           ;	DEBUG = OFF, Background Debugger disabled
   737  300006                     	org	3145734
   738  300006  FF                 	db	255
   739                           
   740                           ;Config register CONFIG8 @ 0x300007
   741                           ;	Boot Block Write Protection bit
   742                           ;	WRTB = OFF, Boot Block not Write protected
   743                           ;	Configuration Register Write Protection bit
   744                           ;	WRTC = OFF, Configuration registers not Write protected
   745                           ;	Data EEPROM Write Protection bit
   746                           ;	WRTD = OFF, Data EEPROM not Write protected
   747                           ;	SAF Write protection bit
   748                           ;	WRTSAF = OFF, SAF not Write Protected
   749                           ;	Application Block write protection bit
   750                           ;	WRTAPP = OFF, Application Block not write protected
   751  300007                     	org	3145735
   752  300007  FF                 	db	255
   753                           
   754                           ; Padding undefined space
   755  300008                     	org	3145736
   756  300008  FF                 	db	255
   757                           
   758                           ;Config register CONFIG10 @ 0x300009
   759                           ;	PFM and Data EEPROM Code Protection bit
   760                           ;	CP = OFF, PFM and Data EEPROM code protection disabled
   761  300009                     	org	3145737
   762  300009  FF                 	db	255
   763                           tosu	equ	0x4FF
   764                           tosh	equ	0x4FE
   765                           tosl	equ	0x4FD
   766                           stkptr	equ	0x4FC
   767                           pclatu	equ	0x4FB
   768                           pclath	equ	0x4FA
   769                           pcl	equ	0x4F9
   770                           tblptru	equ	0x4F8
   771                           tblptrh	equ	0x4F7
   772                           tblptrl	equ	0x4F6
   773                           tablat	equ	0x4F5
   774                           prodh	equ	0x4F4
   775                           prodl	equ	0x4F3
   776                           indf0	equ	0x4EF
   777                           postinc0	equ	0x4EE
   778                           postdec0	equ	0x4ED
   779                           preinc0	equ	0x4EC
   780                           plusw0	equ	0x4EB
   781                           fsr0h	equ	0x4EA
   782                           fsr0l	equ	0x4E9
   783                           wreg	equ	0x4E8
   784                           indf1	equ	0x4E7
   785                           postinc1	equ	0x4E6
   786                           postdec1	equ	0x4E5
   787                           preinc1	equ	0x4E4
   788                           plusw1	equ	0x4E3
   789                           fsr1h	equ	0x4E2
   790                           fsr1l	equ	0x4E1
   791                           bsr	equ	0x4E0
   792                           indf2	equ	0x4DF
   793                           postinc2	equ	0x4DE
   794                           postdec2	equ	0x4DD
   795                           preinc2	equ	0x4DC
   796                           plusw2	equ	0x4DB
   797                           fsr2h	equ	0x4DA
   798                           fsr2l	equ	0x4D9
   799                           status	equ	0x4D8

Data Sizes:
    Strings     0
    Constant    0
    Data        4
    BSS         17
    Persistent  0
    Stack       0

Auto Spaces:
    Space          Size  Autos    Used
    COMRAM           95      0      21
    BANK5           160      0       0
    BANK6           256      0       0
    BANK7           256      0       0
    BANK8           256      0       0
    BANK9           256      0       0
    BANK10          256      0       0
    BANK11          256      0       0
    BANK12          256      0       0
    BANK13          256      0       0
    BANK14          256      0       0
    BANK15          256      0       0
    BANK16          256      0       0
    BANK17          256      0       0
    BANK18          256      0       0
    BANK19          256      0       0
    BANK20          256      0       0
    BANK21          256      0       0
    BANK22          256      0       0
    BANK23          256      0       0
    BANK24          256      0       0
    BANK25          256      0       0
    BANK26          256      0       0
    BANK27          256      0       0
    BANK28          256      0       0
    BANK29          256      0       0
    BANK30          256      0       0
    BANK31          256      0       0
    BANK32          256      0       0
    BANK33          256      0       0
    BANK34          256      0       0
    BANK35          256      0       0
    BANK36          256      0       0
    BANK37          256      0       0

Pointer List with Targets:

    None.

Critical Paths under _main in COMRAM

    None.

Critical Paths under _main in BANK5

    None.

Critical Paths under _main in BANK6

    None.

Critical Paths under _main in BANK7

    None.

Critical Paths under _main in BANK8

    None.

Critical Paths under _main in BANK9

    None.

Critical Paths under _main in BANK10

    None.

Critical Paths under _main in BANK11

    None.

Critical Paths under _main in BANK12

    None.

Critical Paths under _main in BANK13

    None.

Critical Paths under _main in BANK14

    None.

Critical Paths under _main in BANK15

    None.

Critical Paths under _main in BANK16

    None.

Critical Paths under _main in BANK17

    None.

Critical Paths under _main in BANK18

    None.

Critical Paths under _main in BANK19

    None.

Critical Paths under _main in BANK20

    None.

Critical Paths under _main in BANK21

    None.

Critical Paths under _main in BANK22

    None.

Critical Paths under _main in BANK23

    None.

Critical Paths under _main in BANK24

    None.

Critical Paths under _main in BANK25

    None.

Critical Paths under _main in BANK26

    None.

Critical Paths under _main in BANK27

    None.

Critical Paths under _main in BANK28

    None.

Critical Paths under _main in BANK29

    None.

Critical Paths under _main in BANK30

    None.

Critical Paths under _main in BANK31

    None.

Critical Paths under _main in BANK32

    None.

Critical Paths under _main in BANK33

    None.

Critical Paths under _main in BANK34

    None.

Critical Paths under _main in BANK35

    None.

Critical Paths under _main in BANK36

    None.

Critical Paths under _main in BANK37

    None.

Call Graph Tables:

 ---------------------------------------------------------------------------------
 (Depth) Function   	        Calls       Base Space   Used Autos Params    Refs
 ---------------------------------------------------------------------------------
 (0) _main                                                 0     0      0       0
                         _ClockSetup
                          _GpioSetup
                       _SysTickSetup
                        _SystemSleep
                  _UserAppInitialize
                         _UserAppRun
 ---------------------------------------------------------------------------------
 (1) _UserAppRun                                           0     0      0       0
 ---------------------------------------------------------------------------------
 (1) _UserAppInitialize                                    0     0      0       0
 ---------------------------------------------------------------------------------
 (1) _SystemSleep                                          0     0      0       0
 ---------------------------------------------------------------------------------
 (1) _SysTickSetup                                         0     0      0       0
 ---------------------------------------------------------------------------------
 (1) _GpioSetup                                            0     0      0       0
 ---------------------------------------------------------------------------------
 (1) _ClockSetup                                           0     0      0       0
 ---------------------------------------------------------------------------------
 Estimated maximum stack depth 1
 ---------------------------------------------------------------------------------

 Call Graph Graphs:

 _main (ROOT)
   _ClockSetup
   _GpioSetup
   _SysTickSetup
   _SystemSleep
   _UserAppInitialize
   _UserAppRun

 Address spaces:
Name               Size   Autos  Total    Cost      Usage
BIGRAM            20FF      0       0      71        0.0%
EEDATA             400      0       0       0        0.0%
BITBANK37          100      0       0      70        0.0%
BANK37             100      0       0      68        0.0%
BITBANK36          100      0       0      66        0.0%
BANK36             100      0       0      67        0.0%
BITBANK35          100      0       0      64        0.0%
BANK35             100      0       0      65        0.0%
BITBANK34          100      0       0      62        0.0%
BANK34             100      0       0      63        0.0%
BITBANK33          100      0       0      60        0.0%
BANK33             100      0       0      61        0.0%
BITBANK32          100      0       0      58        0.0%
BANK32             100      0       0      59        0.0%
BITBANK31          100      0       0      56        0.0%
BANK31             100      0       0      57        0.0%
BITBANK30          100      0       0      54        0.0%
BANK30             100      0       0      55        0.0%
BITBANK29          100      0       0      52        0.0%
BANK29             100      0       0      53        0.0%
BITBANK28          100      0       0      50        0.0%
BANK28             100      0       0      51        0.0%
BITBANK27          100      0       0      48        0.0%
BANK27             100      0       0      49        0.0%
BITBANK26          100      0       0      46        0.0%
BANK26             100      0       0      47        0.0%
BITBANK25          100      0       0      44        0.0%
BANK25             100      0       0      45        0.0%
BITBANK24          100      0       0      42        0.0%
BANK24             100      0       0      43        0.0%
BITBANK23          100      0       0      40        0.0%
BANK23             100      0       0      41        0.0%
BITBANK22          100      0       0      38        0.0%
BANK22             100      0       0      39        0.0%
BITBANK21          100      0       0      36        0.0%
BANK21             100      0       0      37        0.0%
BITBANK20          100      0       0      34        0.0%
BANK20             100      0       0      35        0.0%
BITBANK19          100      0       0      32        0.0%
BANK19             100      0       0      33        0.0%
BITBANK18          100      0       0      30        0.0%
BANK18             100      0       0      31        0.0%
BITBANK17          100      0       0      28        0.0%
BANK17             100      0       0      29        0.0%
BITBANK16          100      0       0      26        0.0%
BANK16             100      0       0      27        0.0%
BITBANK15          100      0       0      24        0.0%
BANK15             100      0       0      25        0.0%
BITBANK14          100      0       0      22        0.0%
BANK14             100      0       0      23        0.0%
BITBANK13          100      0       0      20        0.0%
BANK13             100      0       0      21        0.0%
BITBANK12          100      0       0      18        0.0%
BANK12             100      0       0      19        0.0%
BITBANK11          100      0       0      16        0.0%
BANK11             100      0       0      17        0.0%
BITBANK10          100      0       0      14        0.0%
BANK10             100      0       0      15        0.0%
BITBANK9           100      0       0      12        0.0%
BANK9              100      0       0      13        0.0%
BITBANK8           100      0       0      10        0.0%
BANK8              100      0       0      11        0.0%
BITBANK7           100      0       0       8        0.0%
BANK7              100      0       0       9        0.0%
BITBANK6           100      0       0       6        0.0%
BANK6              100      0       0       7        0.0%
BITBANK5            A0      0       0       4        0.0%
BANK5               A0      0       0       5        0.0%
BITCOMRAM           5F      0       0       0        0.0%
COMRAM              5F      0      15       1       22.1%
BITSFR_5             0      0       0     200        0.0%
SFR_5                0      0       0     200        0.0%
BITSFR_4             0      0       0     200        0.0%
SFR_4                0      0       0     200        0.0%
BITSFR_3             0      0       0     200        0.0%
SFR_3                0      0       0     200        0.0%
BITSFR_2             0      0       0     200        0.0%
SFR_2                0      0       0     200        0.0%
BITSFR_1             0      0       0     200        0.0%
SFR_1                0      0       0     200        0.0%
BITSFR               0      0       0     200        0.0%
SFR                  0      0       0     200        0.0%
STACK                0      0       0       2        0.0%
NULL                 0      0       0       0        0.0%
ABS                  0      0      15      69        0.0%
DATA                 0      0      15       3        0.0%
CODE                 0      0       0       0        0.0%


Microchip Technology PIC18 Macro Assembler V2.31 build 20201012212115 
Symbol Table                                                                                   Thu Feb 25 15:28:30 2021

     __size_of_SysTickSetup 0022                          l22 FEFA                          l25 FF1C  
                        l19 FED6                          l28 FED8                          l63 FEDA  
                        l76 FFFA                          u10 FF82                          u11 FF7E  
                        u20 FFB2                          u21 FFAE                          u30 FFE4  
                        u31 FFE0                          u40 FFF6                          u41 FFF2  
                       l800 FF2C                         l802 FF30                         l804 FF34  
                       l752 FEE0                         l760 FF92                         l762 FFA2  
                       l770 FFCE                         l772 FFE4                         l764 FFB2  
                       l756 FF72                         l790 FEFC                         l774 FFF6  
                       l766 FFB4                         l758 FF82                         l768 FFC4  
                       l792 FF1E                         l794 FF20                         l796 FF24  
                       l798 FF28                         wreg 0004E8                        _LATA 0004BE  
                      _main FF1E                _SysTickSetup FEFC                        fsr1l 0004E1  
                      start FFFC        __size_of_SystemSleep 0002                ___param_bank 000000  
                _ClockSetup FED6                       ?_main 0000                       _PORTB 0004CF  
                     _TRISA 0004C6                       _TRISB 0004C7                       tablat 0004F5  
                     status 0004D8             __initialization FF40                __end_of_main FF40  
                    ??_main 0000               __activetblptr 000000                      _ANSELA 000400  
                    _ANSELB 000408          __size_of_GpioSetup 001C                 ?_ClockSetup 0000  
                    clear_0 FF66                __pdataCOMRAM 0512                      tblptrh 0004F7  
                    tblptrl 0004F6                      tblptru 0004F8                  _UserAppRun FF72  
                __accesstop 0560     __end_of__initialization FF6C               ___rparam_used 000001  
          _G_u8UserAppFlags 0511              __pcstackCOMRAM 0000           __end_of_GpioSetup FEFC  
       __size_of_ClockSetup 0002                 ?_UserAppRun 0000               ??_SystemSleep 0000  
                   __Hparam 0000                     __Lparam 0000                     __pcinit FF40  
                   __ramtop 2600                     __ptext0 FF1E                     __ptext1 FF72  
                   __ptext2 FEDA                     __ptext3 FED8                     __ptext4 FEFC  
                   __ptext5 FEE0                     __ptext6 FED6        end_of_initialization FF6C  
          _G_u32SystemFlags 0505                     postdec1 0004E5                     postinc0 0004EE  
       __end_of_SystemSleep FEDA                ??_ClockSetup 0000         __size_of_UserAppRun 008A  
        __end_of_ClockSetup FED8               __pidataCOMRAM FEDC        UserAppRun@u32counter 0501  
                 _GpioSetup FEE0         start_initialization FF40               ?_SysTickSetup 0000  
               _SystemSleep FED8                  ?_GpioSetup 0000                 __pbssCOMRAM 0501  
         _UserAppInitialize FEDA                ??_UserAppRun 0000          ?_UserAppInitialize 0000  
            ??_SysTickSetup 0000         ??_UserAppInitialize 0000          __end_of_UserAppRun FFFC  
 __end_of_UserAppInitialize FEDC                 ??_GpioSetup 0000                   copy_data0 FF54  
       UserAppRun@u32switch 0512                    __Hrparam 0000                    __Lrparam 0000  
      __end_of_SysTickSetup FF1E  __size_of_UserAppInitialize 0002               __size_of_main 0022  
              ?_SystemSleep 0000          _G_u32SystemTime1ms 050D           _G_u32SystemTime1s 0509  
