

Microchip MPLAB XC8 Assembler V2.31 build 20201012212115 
                                                                                               Wed Mar 31 22:19:12 2021

Microchip MPLAB XC8 C Compiler v2.31 (Free license) build 20201012212115 Og1 
     1                           	processor	18F27Q43
     2                           	fnconf	rparam,??,?,0
     3                           	pagewidth 120
     4                           	opt	flic
     5                           	psect	idataBANK6,global,class=CODE,delta=1,noexec
     6                           	psect	cinit,global,reloc=2,class=CODE,delta=1
     7                           	psect	bssCOMRAM,global,class=COMRAM,space=1,delta=1,lowdata,noexec
     8                           	psect	dataBANK6,global,class=BANK6,space=1,delta=1,lowdata,noexec
     9                           	psect	cstackCOMRAM,global,class=COMRAM,space=1,delta=1,lowdata,noexec
    10                           	psect	text0,global,reloc=2,class=CODE,delta=1
    11                           	psect	text1,global,reloc=2,class=CODE,delta=1
    12                           	psect	text2,global,reloc=2,class=CODE,delta=1
    13                           	psect	text3,global,reloc=2,class=CODE,delta=1
    14                           	psect	text4,global,reloc=2,class=CODE,delta=1
    15                           	psect	text5,global,reloc=2,class=CODE,delta=1
    16                           	psect	text6,global,reloc=2,class=CODE,delta=1
    17                           	psect	intsave_regs,global,class=BIGRAM,space=1,delta=1,noexec
    18                           	psect	rparam,global,class=COMRAM,space=1,delta=1,noexec
    19                           	psect	idloc,global,abs,ovrld,class=IDLOC,space=5,delta=1,noexec
    20                           	psect	config,global,abs,ovrld,class=CONFIG,space=4,delta=1,noexec
    21  0000                     
    22                           ; Version 2.30
    23                           ; Generated 20/08/2020 GMT
    24                           ; 
    25                           ; Copyright © 2020, Microchip Technology Inc. and its subsidiaries ("Microchip")
    26                           ; All rights reserved.
    27                           ; 
    28                           ; This software is developed by Microchip Technology Inc. and its subsidiaries ("Microch
      +                          ip").
    29                           ; 
    30                           ; Redistribution and use in source and binary forms, with or without modification, are
    31                           ; permitted provided that the following conditions are met:
    32                           ; 
    33                           ;     1. Redistributions of source code must retain the above copyright notice, this lis
      +                          t of
    34                           ;        conditions and the following disclaimer.
    35                           ; 
    36                           ;     2. Redistributions in binary form must reproduce the above copyright notice, this 
      +                          list
    37                           ;        of conditions and the following disclaimer in the documentation and/or other
    38                           ;        materials provided with the distribution. Publication is not required when
    39                           ;        this file is used in an embedded application.
    40                           ; 
    41                           ;     3. Microchip's name may not be used to endorse or promote products derived from th
      +                          is
    42                           ;        software without specific prior written permission.
    43                           ; 
    44                           ; THIS SOFTWARE IS PROVIDED BY MICROCHIP "AS IS" AND ANY EXPRESS OR IMPLIED WARRANTIES,
    45                           ; INCLUDING, BUT NOT LIMITED TO, THE IMPLIED WARRANTIES OF MERCHANTABILITY AND FITNESS F
      +                          OR
    46                           ; PURPOSE ARE DISCLAIMED.  IN NO EVENT SHALL MICROCHIP BE LIABLE FOR ANY DIRECT, INDIREC
      +                          T,
    47                           ; INCIDENTAL, SPECIAL, EXEMPLARY, OR CONSEQUENTIAL DAMAGES (INCLUDING BUT NOT LIMITED TO
    48                           ; PROCUREMENT OF SUBSTITUTE GOODS OR SERVICES; LOSS OF USE, DATA OR PROFITS; OR BUSINESS
    49                           ; INTERRUPTION) HOWSOEVER CAUSED AND ON ANY THEORY OF LIABILITY, WHETHER IN CONTRACT, ST
      +                          RICT
    50                           ; LIABILITY, OR TORT (INCLUDING NEGLIGENCE OR OTHERWISE) ARISING IN ANY WAY OUT OF THE U
      +                          SE OF
    51                           ; THIS SOFTWARE, EVEN IF ADVISED OF THE POSSIBILITY OF SUCH DAMAGE.
    52                           ; 
    53                           ; 
    54                           ; Code-generator required, PIC18F27Q43 Definitions
    55                           ; 
    56                           ; SFR Addresses
    57  0000                     
    58                           	psect	idataBANK6
    59  01FEFC                     __pidataBANK6:
    60                           	callstack 0
    61                           
    62                           ;initializer for _au8sinTable
    63  01FEFC  80                 	db	128
    64  01FEFD  83                 	db	131
    65  01FEFE  86                 	db	134
    66  01FEFF  89                 	db	137
    67  01FF00  8C                 	db	140
    68  01FF01  8F                 	db	143
    69  01FF02  92                 	db	146
    70  01FF03  95                 	db	149
    71  01FF04  98                 	db	152
    72  01FF05  9B                 	db	155
    73  01FF06  9E                 	db	158
    74  01FF07  A2                 	db	162
    75  01FF08  A5                 	db	165
    76  01FF09  A7                 	db	167
    77  01FF0A  AA                 	db	170
    78  01FF0B  AD                 	db	173
    79  01FF0C  B0                 	db	176
    80  01FF0D  B3                 	db	179
    81  01FF0E  B6                 	db	182
    82  01FF0F  B9                 	db	185
    83  01FF10  BC                 	db	188
    84  01FF11  BE                 	db	190
    85  01FF12  C1                 	db	193
    86  01FF13  C4                 	db	196
    87  01FF14  C6                 	db	198
    88  01FF15  C9                 	db	201
    89  01FF16  CB                 	db	203
    90  01FF17  CE                 	db	206
    91  01FF18  D0                 	db	208
    92  01FF19  D3                 	db	211
    93  01FF1A  D5                 	db	213
    94  01FF1B  D7                 	db	215
    95  01FF1C  DA                 	db	218
    96  01FF1D  DC                 	db	220
    97  01FF1E  DE                 	db	222
    98  01FF1F  E0                 	db	224
    99  01FF20  E2                 	db	226
   100  01FF21  E4                 	db	228
   101  01FF22  E6                 	db	230
   102  01FF23  E8                 	db	232
   103  01FF24  EA                 	db	234
   104  01FF25  EB                 	db	235
   105  01FF26  ED                 	db	237
   106  01FF27  EE                 	db	238
   107  01FF28  F0                 	db	240
   108  01FF29  F1                 	db	241
   109  01FF2A  F3                 	db	243
   110  01FF2B  F4                 	db	244
   111  01FF2C  F5                 	db	245
   112  01FF2D  F6                 	db	246
   113  01FF2E  F8                 	db	248
   114  01FF2F  F9                 	db	249
   115  01FF30  FA                 	db	250
   116  01FF31  FA                 	db	250
   117  01FF32  FB                 	db	251
   118  01FF33  FC                 	db	252
   119  01FF34  FD                 	db	253
   120  01FF35  FD                 	db	253
   121  01FF36  FE                 	db	254
   122  01FF37  FE                 	db	254
   123  01FF38  FE                 	db	254
   124  01FF39  FF                 	db	255
   125  01FF3A  FF                 	db	255
   126  01FF3B  FF                 	db	255
   127  01FF3C  FF                 	db	255
   128  01FF3D  FF                 	db	255
   129  01FF3E  FF                 	db	255
   130  01FF3F  FF                 	db	255
   131  01FF40  FE                 	db	254
   132  01FF41  FE                 	db	254
   133  01FF42  FE                 	db	254
   134  01FF43  FD                 	db	253
   135  01FF44  FD                 	db	253
   136  01FF45  FC                 	db	252
   137  01FF46  FB                 	db	251
   138  01FF47  FA                 	db	250
   139  01FF48  FA                 	db	250
   140  01FF49  F9                 	db	249
   141  01FF4A  F8                 	db	248
   142  01FF4B  F6                 	db	246
   143  01FF4C  F5                 	db	245
   144  01FF4D  F4                 	db	244
   145  01FF4E  F3                 	db	243
   146  01FF4F  F1                 	db	241
   147  01FF50  F0                 	db	240
   148  01FF51  EE                 	db	238
   149  01FF52  ED                 	db	237
   150  01FF53  EB                 	db	235
   151  01FF54  EA                 	db	234
   152  01FF55  E8                 	db	232
   153  01FF56  E6                 	db	230
   154  01FF57  E4                 	db	228
   155  01FF58  E2                 	db	226
   156  01FF59  E0                 	db	224
   157  01FF5A  DE                 	db	222
   158  01FF5B  DC                 	db	220
   159  01FF5C  DA                 	db	218
   160  01FF5D  D7                 	db	215
   161  01FF5E  D5                 	db	213
   162  01FF5F  D3                 	db	211
   163  01FF60  D0                 	db	208
   164  01FF61  CE                 	db	206
   165  01FF62  CB                 	db	203
   166  01FF63  C9                 	db	201
   167  01FF64  C6                 	db	198
   168  01FF65  C4                 	db	196
   169  01FF66  C1                 	db	193
   170  01FF67  BE                 	db	190
   171  01FF68  BC                 	db	188
   172  01FF69  B9                 	db	185
   173  01FF6A  B6                 	db	182
   174  01FF6B  B3                 	db	179
   175  01FF6C  B0                 	db	176
   176  01FF6D  AD                 	db	173
   177  01FF6E  AA                 	db	170
   178  01FF6F  A7                 	db	167
   179  01FF70  A5                 	db	165
   180  01FF71  A2                 	db	162
   181  01FF72  9E                 	db	158
   182  01FF73  9B                 	db	155
   183  01FF74  98                 	db	152
   184  01FF75  95                 	db	149
   185  01FF76  92                 	db	146
   186  01FF77  8F                 	db	143
   187  01FF78  8C                 	db	140
   188  01FF79  89                 	db	137
   189  01FF7A  86                 	db	134
   190  01FF7B  83                 	db	131
   191  01FF7C  80                 	db	128
   192  01FF7D  7C                 	db	124
   193  01FF7E  79                 	db	121
   194  01FF7F  76                 	db	118
   195  01FF80  73                 	db	115
   196  01FF81  70                 	db	112
   197  01FF82  6D                 	db	109
   198  01FF83  6A                 	db	106
   199  01FF84  67                 	db	103
   200  01FF85  64                 	db	100
   201  01FF86  61                 	db	97
   202  01FF87  5D                 	db	93
   203  01FF88  5A                 	db	90
   204  01FF89  58                 	db	88
   205  01FF8A  55                 	db	85
   206  01FF8B  52                 	db	82
   207  01FF8C  4F                 	db	79
   208  01FF8D  4C                 	db	76
   209  01FF8E  49                 	db	73
   210  01FF8F  46                 	db	70
   211  01FF90  43                 	db	67
   212  01FF91  41                 	db	65
   213  01FF92  3E                 	db	62
   214  01FF93  3B                 	db	59
   215  01FF94  39                 	db	57
   216  01FF95  36                 	db	54
   217  01FF96  34                 	db	52
   218  01FF97  31                 	db	49
   219  01FF98  2F                 	db	47
   220  01FF99  2C                 	db	44
   221  01FF9A  2A                 	db	42
   222  01FF9B  28                 	db	40
   223  01FF9C  25                 	db	37
   224  01FF9D  23                 	db	35
   225  01FF9E  21                 	db	33
   226  01FF9F  1F                 	db	31
   227  01FFA0  1D                 	db	29
   228  01FFA1  1B                 	db	27
   229  01FFA2  19                 	db	25
   230  01FFA3  17                 	db	23
   231  01FFA4  15                 	db	21
   232  01FFA5  14                 	db	20
   233  01FFA6  12                 	db	18
   234  01FFA7  11                 	db	17
   235  01FFA8  0F                 	db	15
   236  01FFA9  0E                 	db	14
   237  01FFAA  0C                 	db	12
   238  01FFAB  0B                 	db	11
   239  01FFAC  0A                 	db	10
   240  01FFAD  09                 	db	9
   241  01FFAE  07                 	db	7
   242  01FFAF  06                 	db	6
   243  01FFB0  05                 	db	5
   244  01FFB1  05                 	db	5
   245  01FFB2  04                 	db	4
   246  01FFB3  03                 	db	3
   247  01FFB4  02                 	db	2
   248  01FFB5  02                 	db	2
   249  01FFB6  01                 	db	1
   250  01FFB7  01                 	db	1
   251  01FFB8  01                 	db	1
   252  01FFB9  00                 	db	0
   253  01FFBA  00                 	db	0
   254  01FFBB  00                 	db	0
   255  01FFBC  00                 	db	0
   256  01FFBD  00                 	db	0
   257  01FFBE  00                 	db	0
   258  01FFBF  00                 	db	0
   259  01FFC0  01                 	db	1
   260  01FFC1  01                 	db	1
   261  01FFC2  01                 	db	1
   262  01FFC3  02                 	db	2
   263  01FFC4  02                 	db	2
   264  01FFC5  03                 	db	3
   265  01FFC6  04                 	db	4
   266  01FFC7  05                 	db	5
   267  01FFC8  05                 	db	5
   268  01FFC9  06                 	db	6
   269  01FFCA  07                 	db	7
   270  01FFCB  09                 	db	9
   271  01FFCC  0A                 	db	10
   272  01FFCD  0B                 	db	11
   273  01FFCE  0C                 	db	12
   274  01FFCF  0E                 	db	14
   275  01FFD0  0F                 	db	15
   276  01FFD1  11                 	db	17
   277  01FFD2  12                 	db	18
   278  01FFD3  14                 	db	20
   279  01FFD4  15                 	db	21
   280  01FFD5  17                 	db	23
   281  01FFD6  19                 	db	25
   282  01FFD7  1B                 	db	27
   283  01FFD8  1D                 	db	29
   284  01FFD9  1F                 	db	31
   285  01FFDA  21                 	db	33
   286  01FFDB  23                 	db	35
   287  01FFDC  25                 	db	37
   288  01FFDD  28                 	db	40
   289  01FFDE  2A                 	db	42
   290  01FFDF  2C                 	db	44
   291  01FFE0  2F                 	db	47
   292  01FFE1  31                 	db	49
   293  01FFE2  34                 	db	52
   294  01FFE3  36                 	db	54
   295  01FFE4  39                 	db	57
   296  01FFE5  3B                 	db	59
   297  01FFE6  3E                 	db	62
   298  01FFE7  41                 	db	65
   299  01FFE8  43                 	db	67
   300  01FFE9  46                 	db	70
   301  01FFEA  49                 	db	73
   302  01FFEB  4C                 	db	76
   303  01FFEC  4F                 	db	79
   304  01FFED  52                 	db	82
   305  01FFEE  55                 	db	85
   306  01FFEF  58                 	db	88
   307  01FFF0  5A                 	db	90
   308  01FFF1  5D                 	db	93
   309  01FFF2  61                 	db	97
   310  01FFF3  64                 	db	100
   311  01FFF4  67                 	db	103
   312  01FFF5  6A                 	db	106
   313  01FFF6  6D                 	db	109
   314  01FFF7  70                 	db	112
   315  01FFF8  73                 	db	115
   316  01FFF9  76                 	db	118
   317  01FFFA  79                 	db	121
   318  01FFFB  7C                 	db	124
   319  0000                     _DAC1DATL	set	125
   320  0000                     _DAC1CON	set	127
   321  0000                     _TMR0H	set	793
   322  0000                     _TMR0L	set	792
   323  0000                     _T0CON1	set	795
   324  0000                     _T0CON0	set	794
   325  0000                     _ANSELA	set	1024
   326  0000                     _PIR3	set	1201
   327  0000                     _LATA	set	1214
   328  0000                     _PIR3bits	set	1201
   329  0000                     _TRISA	set	1222
   330                           
   331                           ; #config settings
   332                           
   333                           	psect	cinit
   334  01FE3A                     __pcinit:
   335                           	callstack 0
   336  01FE3A                     start_initialization:
   337                           	callstack 0
   338  01FE3A                     __initialization:
   339                           	callstack 0
   340                           
   341                           ; Initialize objects allocated to BANK6 (256 bytes)
   342                           ; load TBLPTR registers with __pidataBANK6
   343  01FE3A  0EFC               	movlw	low __pidataBANK6
   344  01FE3C  6EF6               	movwf	tblptrl,c
   345  01FE3E  0EFE               	movlw	high __pidataBANK6
   346  01FE40  6EF7               	movwf	tblptrh,c
   347  01FE42  0E01               	movlw	low (__pidataBANK6 shr (0+16))
   348  01FE44  6EF8               	movwf	tblptru,c
   349  01FE46  EE01  F200         	lfsr	0,__pdataBANK6
   350  01FE4A  EE10 F100          	lfsr	1,256
   351  01FE4E                     copy_data0:
   352  01FE4E  0009               	tblrd		*+
   353  01FE50  C4F5 F4EE          	movff	tablat,postinc0
   354  01FE54  50E5               	movf	postdec1,w,c
   355  01FE56  50E1               	movf	fsr1l,w,c
   356  01FE58  E1FA               	bnz	copy_data0
   357  01FE5A  50E2               	movf	fsr1h,w,c
   358  01FE5C  E1F8               	bnz	copy_data0
   359                           
   360                           ; Clear objects allocated to COMRAM (13 bytes)
   361  01FE5E  EE01  F101         	lfsr	0,__pbssCOMRAM
   362  01FE62  0E0D               	movlw	13
   363  01FE64                     clear_0:
   364  01FE64  6AEE               	clrf	postinc0,c
   365  01FE66  06E8               	decf	wreg,f,c
   366  01FE68  E1FD               	bnz	clear_0
   367  01FE6A                     end_of_initialization:
   368                           	callstack 0
   369  01FE6A                     __end_of__initialization:
   370                           	callstack 0
   371  01FE6A  0100               	movlb	0
   372  01FE6C  EF38  F0FF         	goto	_main	;jump to C main() function
   373                           
   374                           	psect	bssCOMRAM
   375  000501                     __pbssCOMRAM:
   376                           	callstack 0
   377  000501                     _G_u32SystemFlags:
   378                           	callstack 0
   379  000501                     	ds	4
   380  000505                     _G_u32SystemTime1s:
   381                           	callstack 0
   382  000505                     	ds	4
   383  000509                     _G_u32SystemTime1ms:
   384                           	callstack 0
   385  000509                     	ds	4
   386  00050D                     _G_u8UserAppFlags:
   387                           	callstack 0
   388  00050D                     	ds	1
   389                           
   390                           	psect	dataBANK6
   391  000600                     __pdataBANK6:
   392                           	callstack 0
   393  000600                     _au8sinTable:
   394                           	callstack 0
   395  000600                     	ds	256
   396                           
   397                           	psect	cstackCOMRAM
   398  00050E                     __pcstackCOMRAM:
   399                           	callstack 0
   400  00050E                     TimeXus@u16Time:
   401                           	callstack 0
   402                           
   403                           ; 2 bytes @ 0x0
   404  00050E                     	ds	2
   405  000510                     TimeXus@u8Low:
   406                           	callstack 0
   407                           
   408                           ; 1 bytes @ 0x2
   409  000510                     	ds	1
   410  000511                     TimeXus@u8High:
   411                           	callstack 0
   412                           
   413                           ; 1 bytes @ 0x3
   414  000511                     	ds	1
   415  000512                     TimeXus@u16userIN:
   416                           	callstack 0
   417                           
   418                           ; 2 bytes @ 0x4
   419  000512                     	ds	2
   420  000514                     UserAppRun@i:
   421                           	callstack 0
   422                           
   423                           ; 2 bytes @ 0x6
   424  000514                     	ds	2
   425  000516                     
   426                           ; 1 bytes @ 0x8
   427 ;;
   428 ;;Main: autosize = 0, tempsize = 0, incstack = 0, save=0
   429 ;;
   430 ;; *************** function _main *****************
   431 ;; Defined at:
   432 ;;		line 35 in file "main.c"
   433 ;; Parameters:    Size  Location     Type
   434 ;;		None
   435 ;; Auto vars:     Size  Location     Type
   436 ;;		None
   437 ;; Return value:  Size  Location     Type
   438 ;;                  1    wreg      void 
   439 ;; Registers used:
   440 ;;		wreg, fsr2l, fsr2h, status,2, status,0, cstack
   441 ;; Tracked objects:
   442 ;;		On entry : 0/0
   443 ;;		On exit  : 0/0
   444 ;;		Unchanged: 0/0
   445 ;; Data sizes:     COMRAM   BANK5   BANK6   BANK7   BANK8   BANK9  BANK10  BANK11  BANK12  BANK13  BANK14  BANK15  BANK1
      +6  BANK17  BANK18  BANK19  BANK20  BANK21  BANK22  BANK23  BANK24  BANK25  BANK26  BANK27  BANK28  BANK29  BANK30  BANK3
      +1  BANK32  BANK33  BANK34  BANK35  BANK36  BANK37
   446 ;;      Params:         0       0       0       0       0       0       0       0       0       0       0       0       
      +0       0       0       0       0       0       0       0       0       0       0       0       0       0       0       
      +0       0       0       0       0       0       0
   447 ;;      Locals:         0       0       0       0       0       0       0       0       0       0       0       0       
      +0       0       0       0       0       0       0       0       0       0       0       0       0       0       0       
      +0       0       0       0       0       0       0
   448 ;;      Temps:          0       0       0       0       0       0       0       0       0       0       0       0       
      +0       0       0       0       0       0       0       0       0       0       0       0       0       0       0       
      +0       0       0       0       0       0       0
   449 ;;      Totals:         0       0       0       0       0       0       0       0       0       0       0       0       
      +0       0       0       0       0       0       0       0       0       0       0       0       0       0       0       
      +0       0       0       0       0       0       0
   450 ;;Total ram usage:        0 bytes
   451 ;; Hardware stack levels required when called:    2
   452 ;; This function calls:
   453 ;;		_ClockSetup
   454 ;;		_GpioSetup
   455 ;;		_SysTickSetup
   456 ;;		_TimeXus
   457 ;;		_UserAppInitialize
   458 ;;		_UserAppRun
   459 ;; This function is called by:
   460 ;;		Startup code after reset
   461 ;; This function uses a non-reentrant model
   462 ;;
   463                           
   464                           	psect	text0
   465  01FE70                     __ptext0:
   466                           	callstack 0
   467  01FE70                     _main:
   468                           	callstack 126
   469  01FE70                     
   470                           ;main.c: 37:   G_u32SystemFlags |= (u32)0x80000000;
   471  01FE70  8E04               	bsf	(_G_u32SystemFlags+3)^(0+1280),7,c	;volatile
   472  01FE72                     
   473                           ;main.c: 40:   ClockSetup();
   474  01FE72  ECDE  F0FE         	call	_ClockSetup	;wreg free
   475  01FE76                     
   476                           ;main.c: 41:   SysTickSetup();
   477  01FE76  ECF3  F0FE         	call	_SysTickSetup	;wreg free
   478  01FE7A                     
   479                           ;main.c: 42:   GpioSetup();
   480  01FE7A  ECDF  F0FE         	call	_GpioSetup	;wreg free
   481  01FE7E                     
   482                           ;main.c: 47:   UserAppInitialize();
   483  01FE7E  ECE8  F0FE         	call	_UserAppInitialize	;wreg free
   484  01FE82                     l849:
   485                           
   486                           ;main.c: 53:   {;main.c: 57:     UserAppRun();
   487  01FE82  EC54  F0FF         	call	_UserAppRun	;wreg free
   488  01FE86                     
   489                           ;main.c: 74:     TimeXus(2);
   490  01FE86  0E00               	movlw	0
   491  01FE88  6E0F               	movwf	(TimeXus@u16Time+1)^(0+1280),c
   492  01FE8A  0E02               	movlw	2
   493  01FE8C  6E0E               	movwf	TimeXus@u16Time^(0+1280),c
   494  01FE8E  EC04  F0FF         	call	_TimeXus	;wreg free
   495  01FE92                     l48:
   496  01FE92  AEB1               	btfss	177,7,c	;volatile
   497  01FE94  EF4E  F0FF         	goto	u61
   498  01FE98  EF50  F0FF         	goto	u60
   499  01FE9C                     u61:
   500  01FE9C  EF49  F0FF         	goto	l48
   501  01FEA0                     u60:
   502  01FEA0  EF41  F0FF         	goto	l849
   503  01FEA4  EFFE  F0FF         	goto	start
   504  01FEA8                     __end_of_main:
   505                           	callstack 0
   506                           
   507 ;; *************** function _UserAppRun *****************
   508 ;; Defined at:
   509 ;;		line 115 in file "user_app.c"
   510 ;; Parameters:    Size  Location     Type
   511 ;;		None
   512 ;; Auto vars:     Size  Location     Type
   513 ;;  i               2    6[COMRAM] int 
   514 ;; Return value:  Size  Location     Type
   515 ;;                  1    wreg      void 
   516 ;; Registers used:
   517 ;;		wreg, fsr2l, fsr2h, status,2, status,0, cstack
   518 ;; Tracked objects:
   519 ;;		On entry : 0/0
   520 ;;		On exit  : 0/0
   521 ;;		Unchanged: 0/0
   522 ;; Data sizes:     COMRAM   BANK5   BANK6   BANK7   BANK8   BANK9  BANK10  BANK11  BANK12  BANK13  BANK14  BANK15  BANK1
      +6  BANK17  BANK18  BANK19  BANK20  BANK21  BANK22  BANK23  BANK24  BANK25  BANK26  BANK27  BANK28  BANK29  BANK30  BANK3
      +1  BANK32  BANK33  BANK34  BANK35  BANK36  BANK37
   523 ;;      Params:         0       0       0       0       0       0       0       0       0       0       0       0       
      +0       0       0       0       0       0       0       0       0       0       0       0       0       0       0       
      +0       0       0       0       0       0       0
   524 ;;      Locals:         2       0       0       0       0       0       0       0       0       0       0       0       
      +0       0       0       0       0       0       0       0       0       0       0       0       0       0       0       
      +0       0       0       0       0       0       0
   525 ;;      Temps:          0       0       0       0       0       0       0       0       0       0       0       0       
      +0       0       0       0       0       0       0       0       0       0       0       0       0       0       0       
      +0       0       0       0       0       0       0
   526 ;;      Totals:         2       0       0       0       0       0       0       0       0       0       0       0       
      +0       0       0       0       0       0       0       0       0       0       0       0       0       0       0       
      +0       0       0       0       0       0       0
   527 ;;Total ram usage:        2 bytes
   528 ;; Hardware stack levels used:    1
   529 ;; Hardware stack levels required when called:    1
   530 ;; This function calls:
   531 ;;		_TimeXus
   532 ;; This function is called by:
   533 ;;		_main
   534 ;; This function uses a non-reentrant model
   535 ;;
   536                           
   537                           	psect	text1
   538  01FEA8                     __ptext1:
   539                           	callstack 0
   540  01FEA8                     _UserAppRun:
   541                           	callstack 126
   542  01FEA8                     
   543                           ;user_app.c: 136:     for(int i = 0; i < 256; i += 4)
   544  01FEA8  0E00               	movlw	0
   545  01FEAA  6E15               	movwf	(UserAppRun@i+1)^(0+1280),c
   546  01FEAC  0E00               	movlw	0
   547  01FEAE  6E14               	movwf	UserAppRun@i^(0+1280),c
   548  01FEB0                     l833:
   549                           
   550                           ;user_app.c: 137:     {;user_app.c: 138:         DAC1DATL = au8sinTable[i];
   551  01FEB0  0E00               	movlw	low _au8sinTable
   552  01FEB2  2414               	addwf	UserAppRun@i^(0+1280),w,c
   553  01FEB4  6ED9               	movwf	fsr2l,c
   554  01FEB6  0E06               	movlw	high _au8sinTable
   555  01FEB8  2015               	addwfc	(UserAppRun@i+1)^(0+1280),w,c
   556  01FEBA  6EDA               	movwf	fsr2h,c
   557  01FEBC  50DF               	movf	indf2,w,c
   558  01FEBE  0100               	movlb	0	; () banked
   559  01FEC0  6F7D               	movwf	125,b	;volatile
   560  01FEC2                     
   561                           ; BSR set to: 0
   562                           ;user_app.c: 139:         TimeXus(11);
   563  01FEC2  0E00               	movlw	0
   564  01FEC4  6E0F               	movwf	(TimeXus@u16Time+1)^(0+1280),c
   565  01FEC6  0E0B               	movlw	11
   566  01FEC8  6E0E               	movwf	TimeXus@u16Time^(0+1280),c
   567  01FECA  EC04  F0FF         	call	_TimeXus	;wreg free
   568  01FECE                     l83:
   569  01FECE  AEB1               	btfss	177,7,c	;volatile
   570  01FED0  EF6C  F0FF         	goto	u41
   571  01FED4  EF6E  F0FF         	goto	u40
   572  01FED8                     u41:
   573  01FED8  EF67  F0FF         	goto	l83
   574  01FEDC                     u40:
   575  01FEDC                     
   576                           ;user_app.c: 141:     }
   577  01FEDC  0E04               	movlw	4
   578  01FEDE  2614               	addwf	UserAppRun@i^(0+1280),f,c
   579  01FEE0  0E00               	movlw	0
   580  01FEE2  2215               	addwfc	(UserAppRun@i+1)^(0+1280),f,c
   581  01FEE4  BE15               	btfsc	(UserAppRun@i+1)^(0+1280),7,c
   582  01FEE6  EF7B  F0FF         	goto	u51
   583  01FEEA  0415               	decf	(UserAppRun@i+1)^(0+1280),w,c
   584  01FEEC  A0D8               	btfss	status,0,c
   585  01FEEE  EF7B  F0FF         	goto	u51
   586  01FEF2  EF7D  F0FF         	goto	u50
   587  01FEF6                     u51:
   588  01FEF6  EF58  F0FF         	goto	l833
   589  01FEFA                     u50:
   590  01FEFA  0012               	return		;funcret
   591  01FEFC                     __end_of_UserAppRun:
   592                           	callstack 0
   593                           
   594 ;; *************** function _TimeXus *****************
   595 ;; Defined at:
   596 ;;		line 160 in file "user_app.c"
   597 ;; Parameters:    Size  Location     Type
   598 ;;  u16Time         2    0[COMRAM] unsigned short 
   599 ;; Auto vars:     Size  Location     Type
   600 ;;  u16userIN       2    4[COMRAM] unsigned short 
   601 ;;  u8High          1    3[COMRAM] unsigned char 
   602 ;;  u8Low           1    2[COMRAM] unsigned char 
   603 ;; Return value:  Size  Location     Type
   604 ;;                  1    wreg      void 
   605 ;; Registers used:
   606 ;;		wreg, status,2, status,0
   607 ;; Tracked objects:
   608 ;;		On entry : 0/0
   609 ;;		On exit  : 0/0
   610 ;;		Unchanged: 0/0
   611 ;; Data sizes:     COMRAM   BANK5   BANK6   BANK7   BANK8   BANK9  BANK10  BANK11  BANK12  BANK13  BANK14  BANK15  BANK1
      +6  BANK17  BANK18  BANK19  BANK20  BANK21  BANK22  BANK23  BANK24  BANK25  BANK26  BANK27  BANK28  BANK29  BANK30  BANK3
      +1  BANK32  BANK33  BANK34  BANK35  BANK36  BANK37
   612 ;;      Params:         2       0       0       0       0       0       0       0       0       0       0       0       
      +0       0       0       0       0       0       0       0       0       0       0       0       0       0       0       
      +0       0       0       0       0       0       0
   613 ;;      Locals:         4       0       0       0       0       0       0       0       0       0       0       0       
      +0       0       0       0       0       0       0       0       0       0       0       0       0       0       0       
      +0       0       0       0       0       0       0
   614 ;;      Temps:          0       0       0       0       0       0       0       0       0       0       0       0       
      +0       0       0       0       0       0       0       0       0       0       0       0       0       0       0       
      +0       0       0       0       0       0       0
   615 ;;      Totals:         6       0       0       0       0       0       0       0       0       0       0       0       
      +0       0       0       0       0       0       0       0       0       0       0       0       0       0       0       
      +0       0       0       0       0       0       0
   616 ;;Total ram usage:        6 bytes
   617 ;; Hardware stack levels used:    1
   618 ;; This function calls:
   619 ;;		Nothing
   620 ;; This function is called by:
   621 ;;		_main
   622 ;;		_UserAppRun
   623 ;; This function uses a non-reentrant model
   624 ;;
   625                           
   626                           	psect	text2
   627  01FE08                     __ptext2:
   628                           	callstack 0
   629  01FE08                     _TimeXus:
   630                           	callstack 126
   631  01FE08                     
   632                           ;user_app.c: 160: void TimeXus(u16 u16Time);user_app.c: 161: {;user_app.c: 162:     T0CO
      +                          N0 = T0CON0 & 0x7F;
   633  01FE08  0103               	movlb	3	; () banked
   634  01FE0A  511A               	movf	26,w,b	;volatile
   635  01FE0C  0B7F               	andlw	127
   636  01FE0E  6F1A               	movwf	26,b	;volatile
   637                           
   638                           ;user_app.c: 164:     u16 u16userIN = 0xFFFF - u16Time;
   639  01FE10  1C0E               	comf	TimeXus@u16Time^(0+1280),w,c
   640  01FE12  6E12               	movwf	TimeXus@u16userIN^(0+1280),c
   641  01FE14  1C0F               	comf	(TimeXus@u16Time+1)^(0+1280),w,c
   642  01FE16  6E13               	movwf	(TimeXus@u16userIN+1)^(0+1280),c
   643  01FE18                     
   644                           ; BSR set to: 3
   645                           ;user_app.c: 166:     u8 u8Low = u16userIN & 0xFF;
   646  01FE18  C512  F510         	movff	TimeXus@u16userIN,TimeXus@u8Low
   647  01FE1C                     
   648                           ; BSR set to: 3
   649                           ;user_app.c: 167:     u8 u8High = (u16userIN >> 8) & 0xFF;
   650  01FE1C  5013               	movf	(TimeXus@u16userIN+1)^(0+1280),w,c
   651  01FE1E  6E11               	movwf	TimeXus@u8High^(0+1280),c
   652  01FE20                     
   653                           ; BSR set to: 3
   654                           ;user_app.c: 169:     TMR0L = u8Low;
   655  01FE20  0061  F440  F318   	movff	TimeXus@u8Low,792	;volatile
   656  01FE26                     
   657                           ; BSR set to: 3
   658                           ;user_app.c: 170:     TMR0H = u8High;
   659  01FE26  0061  F444  F319   	movff	TimeXus@u8High,793	;volatile
   660  01FE2C                     
   661                           ; BSR set to: 3
   662                           ;user_app.c: 172:     PIR3 = PIR3 & 0x7F;
   663  01FE2C  50B1               	movf	177,w,c	;volatile
   664  01FE2E  0B7F               	andlw	127
   665  01FE30  6EB1               	movwf	177,c	;volatile
   666  01FE32                     
   667                           ; BSR set to: 3
   668                           ;user_app.c: 174:     T0CON0 = T0CON0 | 0x80;
   669  01FE32  511A               	movf	26,w,b	;volatile
   670  01FE34  0980               	iorlw	128
   671  01FE36  6F1A               	movwf	26,b	;volatile
   672  01FE38                     
   673                           ; BSR set to: 3
   674  01FE38  0012               	return		;funcret
   675  01FE3A                     __end_of_TimeXus:
   676                           	callstack 0
   677                           
   678 ;; *************** function _UserAppInitialize *****************
   679 ;; Defined at:
   680 ;;		line 94 in file "user_app.c"
   681 ;; Parameters:    Size  Location     Type
   682 ;;		None
   683 ;; Auto vars:     Size  Location     Type
   684 ;;		None
   685 ;; Return value:  Size  Location     Type
   686 ;;                  1    wreg      void 
   687 ;; Registers used:
   688 ;;		wreg, status,2
   689 ;; Tracked objects:
   690 ;;		On entry : 0/0
   691 ;;		On exit  : 0/0
   692 ;;		Unchanged: 0/0
   693 ;; Data sizes:     COMRAM   BANK5   BANK6   BANK7   BANK8   BANK9  BANK10  BANK11  BANK12  BANK13  BANK14  BANK15  BANK1
      +6  BANK17  BANK18  BANK19  BANK20  BANK21  BANK22  BANK23  BANK24  BANK25  BANK26  BANK27  BANK28  BANK29  BANK30  BANK3
      +1  BANK32  BANK33  BANK34  BANK35  BANK36  BANK37
   694 ;;      Params:         0       0       0       0       0       0       0       0       0       0       0       0       
      +0       0       0       0       0       0       0       0       0       0       0       0       0       0       0       
      +0       0       0       0       0       0       0
   695 ;;      Locals:         0       0       0       0       0       0       0       0       0       0       0       0       
      +0       0       0       0       0       0       0       0       0       0       0       0       0       0       0       
      +0       0       0       0       0       0       0
   696 ;;      Temps:          0       0       0       0       0       0       0       0       0       0       0       0       
      +0       0       0       0       0       0       0       0       0       0       0       0       0       0       0       
      +0       0       0       0       0       0       0
   697 ;;      Totals:         0       0       0       0       0       0       0       0       0       0       0       0       
      +0       0       0       0       0       0       0       0       0       0       0       0       0       0       0       
      +0       0       0       0       0       0       0
   698 ;;Total ram usage:        0 bytes
   699 ;; Hardware stack levels used:    1
   700 ;; This function calls:
   701 ;;		Nothing
   702 ;; This function is called by:
   703 ;;		_main
   704 ;; This function uses a non-reentrant model
   705 ;;
   706                           
   707                           	psect	text3
   708  01FDD0                     __ptext3:
   709                           	callstack 0
   710  01FDD0                     _UserAppInitialize:
   711                           	callstack 127
   712  01FDD0                     
   713                           ;user_app.c: 96:     LATA = 0x80;
   714  01FDD0  0E80               	movlw	128
   715  01FDD2  6EBE               	movwf	190,c	;volatile
   716                           
   717                           ;user_app.c: 97:     T0CON0 = 0x90;
   718  01FDD4  0E90               	movlw	144
   719  01FDD6  0103               	movlb	3	; () banked
   720  01FDD8  6F1A               	movwf	26,b	;volatile
   721                           
   722                           ;user_app.c: 98:     T0CON1 = 0x54;
   723  01FDDA  0E54               	movlw	84
   724  01FDDC  6F1B               	movwf	27,b	;volatile
   725                           
   726                           ;user_app.c: 99:     DAC1DATL = 0;
   727  01FDDE  0E00               	movlw	0
   728  01FDE0  0100               	movlb	0	; () banked
   729  01FDE2  6F7D               	movwf	125,b	;volatile
   730  01FDE4                     
   731                           ; BSR set to: 0
   732  01FDE4  0012               	return		;funcret
   733  01FDE6                     __end_of_UserAppInitialize:
   734                           	callstack 0
   735                           
   736 ;; *************** function _SysTickSetup *****************
   737 ;; Defined at:
   738 ;;		line 114 in file "encm369_pic18.c"
   739 ;; Parameters:    Size  Location     Type
   740 ;;		None
   741 ;; Auto vars:     Size  Location     Type
   742 ;;		None
   743 ;; Return value:  Size  Location     Type
   744 ;;                  1    wreg      void 
   745 ;; Registers used:
   746 ;;		wreg, status,2
   747 ;; Tracked objects:
   748 ;;		On entry : 0/0
   749 ;;		On exit  : 0/0
   750 ;;		Unchanged: 0/0
   751 ;; Data sizes:     COMRAM   BANK5   BANK6   BANK7   BANK8   BANK9  BANK10  BANK11  BANK12  BANK13  BANK14  BANK15  BANK1
      +6  BANK17  BANK18  BANK19  BANK20  BANK21  BANK22  BANK23  BANK24  BANK25  BANK26  BANK27  BANK28  BANK29  BANK30  BANK3
      +1  BANK32  BANK33  BANK34  BANK35  BANK36  BANK37
   752 ;;      Params:         0       0       0       0       0       0       0       0       0       0       0       0       
      +0       0       0       0       0       0       0       0       0       0       0       0       0       0       0       
      +0       0       0       0       0       0       0
   753 ;;      Locals:         0       0       0       0       0       0       0       0       0       0       0       0       
      +0       0       0       0       0       0       0       0       0       0       0       0       0       0       0       
      +0       0       0       0       0       0       0
   754 ;;      Temps:          0       0       0       0       0       0       0       0       0       0       0       0       
      +0       0       0       0       0       0       0       0       0       0       0       0       0       0       0       
      +0       0       0       0       0       0       0
   755 ;;      Totals:         0       0       0       0       0       0       0       0       0       0       0       0       
      +0       0       0       0       0       0       0       0       0       0       0       0       0       0       0       
      +0       0       0       0       0       0       0
   756 ;;Total ram usage:        0 bytes
   757 ;; Hardware stack levels used:    1
   758 ;; This function calls:
   759 ;;		Nothing
   760 ;; This function is called by:
   761 ;;		_main
   762 ;; This function uses a non-reentrant model
   763 ;;
   764                           
   765                           	psect	text4
   766  01FDE6                     __ptext4:
   767                           	callstack 0
   768  01FDE6                     _SysTickSetup:
   769                           	callstack 127
   770  01FDE6                     
   771                           ;encm369_pic18.c: 116:   G_u32SystemTime1ms = 0;
   772  01FDE6  0E00               	movlw	0
   773  01FDE8  6E09               	movwf	_G_u32SystemTime1ms^(0+1280),c	;volatile
   774  01FDEA  0E00               	movlw	0
   775  01FDEC  6E0A               	movwf	(_G_u32SystemTime1ms+1)^(0+1280),c	;volatile
   776  01FDEE  0E00               	movlw	0
   777  01FDF0  6E0B               	movwf	(_G_u32SystemTime1ms+2)^(0+1280),c	;volatile
   778  01FDF2  0E00               	movlw	0
   779  01FDF4  6E0C               	movwf	(_G_u32SystemTime1ms+3)^(0+1280),c	;volatile
   780                           
   781                           ;encm369_pic18.c: 117:   G_u32SystemTime1s = 0;
   782  01FDF6  0E00               	movlw	0
   783  01FDF8  6E05               	movwf	_G_u32SystemTime1s^(0+1280),c	;volatile
   784  01FDFA  0E00               	movlw	0
   785  01FDFC  6E06               	movwf	(_G_u32SystemTime1s+1)^(0+1280),c	;volatile
   786  01FDFE  0E00               	movlw	0
   787  01FE00  6E07               	movwf	(_G_u32SystemTime1s+2)^(0+1280),c	;volatile
   788  01FE02  0E00               	movlw	0
   789  01FE04  6E08               	movwf	(_G_u32SystemTime1s+3)^(0+1280),c	;volatile
   790  01FE06  0012               	return		;funcret
   791  01FE08                     __end_of_SysTickSetup:
   792                           	callstack 0
   793                           
   794 ;; *************** function _GpioSetup *****************
   795 ;; Defined at:
   796 ;;		line 89 in file "encm369_pic18.c"
   797 ;; Parameters:    Size  Location     Type
   798 ;;		None
   799 ;; Auto vars:     Size  Location     Type
   800 ;;		None
   801 ;; Return value:  Size  Location     Type
   802 ;;                  1    wreg      void 
   803 ;; Registers used:
   804 ;;		wreg, status,2
   805 ;; Tracked objects:
   806 ;;		On entry : 0/0
   807 ;;		On exit  : 0/0
   808 ;;		Unchanged: 0/0
   809 ;; Data sizes:     COMRAM   BANK5   BANK6   BANK7   BANK8   BANK9  BANK10  BANK11  BANK12  BANK13  BANK14  BANK15  BANK1
      +6  BANK17  BANK18  BANK19  BANK20  BANK21  BANK22  BANK23  BANK24  BANK25  BANK26  BANK27  BANK28  BANK29  BANK30  BANK3
      +1  BANK32  BANK33  BANK34  BANK35  BANK36  BANK37
   810 ;;      Params:         0       0       0       0       0       0       0       0       0       0       0       0       
      +0       0       0       0       0       0       0       0       0       0       0       0       0       0       0       
      +0       0       0       0       0       0       0
   811 ;;      Locals:         0       0       0       0       0       0       0       0       0       0       0       0       
      +0       0       0       0       0       0       0       0       0       0       0       0       0       0       0       
      +0       0       0       0       0       0       0
   812 ;;      Temps:          0       0       0       0       0       0       0       0       0       0       0       0       
      +0       0       0       0       0       0       0       0       0       0       0       0       0       0       0       
      +0       0       0       0       0       0       0
   813 ;;      Totals:         0       0       0       0       0       0       0       0       0       0       0       0       
      +0       0       0       0       0       0       0       0       0       0       0       0       0       0       0       
      +0       0       0       0       0       0       0
   814 ;;Total ram usage:        0 bytes
   815 ;; Hardware stack levels used:    1
   816 ;; This function calls:
   817 ;;		Nothing
   818 ;; This function is called by:
   819 ;;		_main
   820 ;; This function uses a non-reentrant model
   821 ;;
   822                           
   823                           	psect	text5
   824  01FDBE                     __ptext5:
   825                           	callstack 0
   826  01FDBE                     _GpioSetup:
   827                           	callstack 127
   828  01FDBE                     
   829                           ;encm369_pic18.c: 92:     ANSELA = 0x00;
   830  01FDBE  0E00               	movlw	0
   831  01FDC0  0104               	movlb	4	; () banked
   832  01FDC2  6F00               	movwf	0,b	;volatile
   833                           
   834                           ;encm369_pic18.c: 93:     TRISA = 0x00;
   835  01FDC4  0E00               	movlw	0
   836  01FDC6  6EC6               	movwf	198,c	;volatile
   837                           
   838                           ;encm369_pic18.c: 96:     DAC1CON = 0xA0;
   839  01FDC8  0EA0               	movlw	160
   840  01FDCA  0100               	movlb	0	; () banked
   841  01FDCC  6F7F               	movwf	127,b	;volatile
   842  01FDCE                     
   843                           ; BSR set to: 0
   844  01FDCE  0012               	return		;funcret
   845  01FDD0                     __end_of_GpioSetup:
   846                           	callstack 0
   847                           
   848 ;; *************** function _ClockSetup *****************
   849 ;; Defined at:
   850 ;;		line 70 in file "encm369_pic18.c"
   851 ;; Parameters:    Size  Location     Type
   852 ;;		None
   853 ;; Auto vars:     Size  Location     Type
   854 ;;		None
   855 ;; Return value:  Size  Location     Type
   856 ;;                  1    wreg      void 
   857 ;; Registers used:
   858 ;;		None
   859 ;; Tracked objects:
   860 ;;		On entry : 0/0
   861 ;;		On exit  : 0/0
   862 ;;		Unchanged: 0/0
   863 ;; Data sizes:     COMRAM   BANK5   BANK6   BANK7   BANK8   BANK9  BANK10  BANK11  BANK12  BANK13  BANK14  BANK15  BANK1
      +6  BANK17  BANK18  BANK19  BANK20  BANK21  BANK22  BANK23  BANK24  BANK25  BANK26  BANK27  BANK28  BANK29  BANK30  BANK3
      +1  BANK32  BANK33  BANK34  BANK35  BANK36  BANK37
   864 ;;      Params:         0       0       0       0       0       0       0       0       0       0       0       0       
      +0       0       0       0       0       0       0       0       0       0       0       0       0       0       0       
      +0       0       0       0       0       0       0
   865 ;;      Locals:         0       0       0       0       0       0       0       0       0       0       0       0       
      +0       0       0       0       0       0       0       0       0       0       0       0       0       0       0       
      +0       0       0       0       0       0       0
   866 ;;      Temps:          0       0       0       0       0       0       0       0       0       0       0       0       
      +0       0       0       0       0       0       0       0       0       0       0       0       0       0       0       
      +0       0       0       0       0       0       0
   867 ;;      Totals:         0       0       0       0       0       0       0       0       0       0       0       0       
      +0       0       0       0       0       0       0       0       0       0       0       0       0       0       0       
      +0       0       0       0       0       0       0
   868 ;;Total ram usage:        0 bytes
   869 ;; Hardware stack levels used:    1
   870 ;; This function calls:
   871 ;;		Nothing
   872 ;; This function is called by:
   873 ;;		_main
   874 ;; This function uses a non-reentrant model
   875 ;;
   876                           
   877                           	psect	text6
   878  01FDBC                     __ptext6:
   879                           	callstack 0
   880  01FDBC                     _ClockSetup:
   881                           	callstack 127
   882  01FDBC  0012               	return		;funcret
   883  01FDBE                     __end_of_ClockSetup:
   884                           	callstack 0
   885  0000                     
   886                           	psect	rparam
   887  0000                     
   888                           	psect	idloc
   889                           
   890                           ;Config register IDLOC0 @ 0x200000
   891                           ;	unspecified, using default values
   892  200000                     	org	2097152
   893  200000  0FFF               	dw	4095
   894                           
   895                           ;Config register IDLOC1 @ 0x200002
   896                           ;	unspecified, using default values
   897  200002                     	org	2097154
   898  200002  0FFF               	dw	4095
   899                           
   900                           ;Config register IDLOC2 @ 0x200004
   901                           ;	unspecified, using default values
   902  200004                     	org	2097156
   903  200004  0FFF               	dw	4095
   904                           
   905                           ;Config register IDLOC3 @ 0x200006
   906                           ;	unspecified, using default values
   907  200006                     	org	2097158
   908  200006  0FFF               	dw	4095
   909                           
   910                           ;Config register IDLOC4 @ 0x200008
   911                           ;	unspecified, using default values
   912  200008                     	org	2097160
   913  200008  0FFF               	dw	4095
   914                           
   915                           ;Config register IDLOC5 @ 0x20000A
   916                           ;	unspecified, using default values
   917  20000A                     	org	2097162
   918  20000A  0FFF               	dw	4095
   919                           
   920                           ;Config register IDLOC6 @ 0x20000C
   921                           ;	unspecified, using default values
   922  20000C                     	org	2097164
   923  20000C  0FFF               	dw	4095
   924                           
   925                           ;Config register IDLOC7 @ 0x20000E
   926                           ;	unspecified, using default values
   927  20000E                     	org	2097166
   928  20000E  0FFF               	dw	4095
   929                           
   930                           ;Config register IDLOC8 @ 0x200010
   931                           ;	unspecified, using default values
   932  200010                     	org	2097168
   933  200010  0FFF               	dw	4095
   934                           
   935                           ;Config register IDLOC9 @ 0x200012
   936                           ;	unspecified, using default values
   937  200012                     	org	2097170
   938  200012  0FFF               	dw	4095
   939                           
   940                           ;Config register IDLOC10 @ 0x200014
   941                           ;	unspecified, using default values
   942  200014                     	org	2097172
   943  200014  0FFF               	dw	4095
   944                           
   945                           ;Config register IDLOC11 @ 0x200016
   946                           ;	unspecified, using default values
   947  200016                     	org	2097174
   948  200016  0FFF               	dw	4095
   949                           
   950                           ;Config register IDLOC12 @ 0x200018
   951                           ;	unspecified, using default values
   952  200018                     	org	2097176
   953  200018  0FFF               	dw	4095
   954                           
   955                           ;Config register IDLOC13 @ 0x20001A
   956                           ;	unspecified, using default values
   957  20001A                     	org	2097178
   958  20001A  0FFF               	dw	4095
   959                           
   960                           ;Config register IDLOC14 @ 0x20001C
   961                           ;	unspecified, using default values
   962  20001C                     	org	2097180
   963  20001C  0FFF               	dw	4095
   964                           
   965                           ;Config register IDLOC15 @ 0x20001E
   966                           ;	unspecified, using default values
   967  20001E                     	org	2097182
   968  20001E  0FFF               	dw	4095
   969                           
   970                           	psect	config
   971                           
   972                           ;Config register CONFIG1 @ 0x300000
   973                           ;	External Oscillator Selection
   974                           ;	FEXTOSC = OFF, Oscillator not enabled
   975                           ;	Reset Oscillator Selection
   976                           ;	RSTOSC = HFINTOSC_64MHZ, HFINTOSC with HFFRQ = 64 MHz and CDIV = 1:1
   977  300000                     	org	3145728
   978  300000  8C                 	db	140
   979                           
   980                           ;Config register CONFIG2 @ 0x300001
   981                           ;	Clock out Enable bit
   982                           ;	CLKOUTEN = ON, CLKOUT function is enabled
   983                           ;	PRLOCKED One-Way Set Enable bit
   984                           ;	PR1WAY = ON, PRLOCKED bit can be cleared and set only once
   985                           ;	Clock Switch Enable bit
   986                           ;	CSWEN = ON, Writing to NOSC and NDIV is allowed
   987                           ;	Fail-Safe Clock Monitor Enable bit
   988                           ;	FCMEN = ON, Fail-Safe Clock Monitor enabled
   989  300001                     	org	3145729
   990  300001  FE                 	db	254
   991                           
   992                           ;Config register CONFIG3 @ 0x300002
   993                           ;	MCLR Enable bit
   994                           ;	MCLRE = EXTMCLR, If LVP = 0, MCLR pin is MCLR; If LVP = 1, RE3 pin function is MCLR
   995                           ;	Power-up timer selection bits
   996                           ;	PWRTS = PWRT_OFF, PWRT is disabled
   997                           ;	Multi-vector enable bit
   998                           ;	MVECEN = ON, Multi-vector enabled, Vector table used for interrupts
   999                           ;	IVTLOCK bit One-way set enable bit
  1000                           ;	IVT1WAY = ON, IVTLOCKED bit can be cleared and set only once
  1001                           ;	Low Power BOR Enable bit
  1002                           ;	LPBOREN = OFF, Low-Power BOR disabled
  1003                           ;	Brown-out Reset Enable bits
  1004                           ;	BOREN = SBORDIS, Brown-out Reset enabled , SBOREN bit is ignored
  1005  300002                     	org	3145730
  1006  300002  FF                 	db	255
  1007                           
  1008                           ;Config register CONFIG4 @ 0x300003
  1009                           ;	Brown-out Reset Voltage Selection bits
  1010                           ;	BORV = VBOR_2P85, Brown-out Reset Voltage (VBOR) set to 2.8V
  1011                           ;	ZCD Disable bit
  1012                           ;	ZCD = OFF, ZCD module is disabled. ZCD can be enabled by setting the ZCDSEN bit of ZCD
      +                          CON
  1013                           ;	PPSLOCK bit One-Way Set Enable bit
  1014                           ;	PPS1WAY = ON, PPSLOCKED bit can be cleared and set only once; PPS registers remain loc
      +                          ked after one clear/set cycle
  1015                           ;	Stack Full/Underflow Reset Enable bit
  1016                           ;	STVREN = ON, Stack full/underflow will cause Reset
  1017                           ;	Low Voltage Programming Enable bit
  1018                           ;	LVP = ON, Low voltage programming enabled. MCLR/VPP pin function is MCLR. MCLRE config
      +                          uration bit is ignored
  1019                           ;	Extended Instruction Set Enable bit
  1020                           ;	XINST = OFF, Extended Instruction Set and Indexed Addressing Mode disabled
  1021  300003                     	org	3145731
  1022  300003  FC                 	db	252
  1023                           
  1024                           ;Config register CONFIG5 @ 0x300004
  1025                           ;	WDT Period selection bits
  1026                           ;	WDTCPS = WDTCPS_31, Divider ratio 1:65536; software control of WDTPS
  1027                           ;	WDT operating mode
  1028                           ;	WDTE = OFF, WDT Disabled; SWDTEN is ignored
  1029  300004                     	org	3145732
  1030  300004  9F                 	db	159
  1031                           
  1032                           ;Config register CONFIG6 @ 0x300005
  1033                           ;	WDT Window Select bits
  1034                           ;	WDTCWS = WDTCWS_7, window always open (100%); software control; keyed access not requi
      +                          red
  1035                           ;	WDT input clock selector
  1036                           ;	WDTCCS = SC, Software Control
  1037  300005                     	org	3145733
  1038  300005  FF                 	db	255
  1039                           
  1040                           ;Config register CONFIG7 @ 0x300006
  1041                           ;	Boot Block Size selection bits
  1042                           ;	BBSIZE = BBSIZE_512, Boot Block size is 512 words
  1043                           ;	Boot Block enable bit
  1044                           ;	BBEN = OFF, Boot block disabled
  1045                           ;	Storage Area Flash enable bit
  1046                           ;	SAFEN = OFF, SAF disabled
  1047                           ;	Background Debugger
  1048                           ;	DEBUG = OFF, Background Debugger disabled
  1049  300006                     	org	3145734
  1050  300006  FF                 	db	255
  1051                           
  1052                           ;Config register CONFIG8 @ 0x300007
  1053                           ;	Boot Block Write Protection bit
  1054                           ;	WRTB = OFF, Boot Block not Write protected
  1055                           ;	Configuration Register Write Protection bit
  1056                           ;	WRTC = OFF, Configuration registers not Write protected
  1057                           ;	Data EEPROM Write Protection bit
  1058                           ;	WRTD = OFF, Data EEPROM not Write protected
  1059                           ;	SAF Write protection bit
  1060                           ;	WRTSAF = OFF, SAF not Write Protected
  1061                           ;	Application Block write protection bit
  1062                           ;	WRTAPP = OFF, Application Block not write protected
  1063  300007                     	org	3145735
  1064  300007  FF                 	db	255
  1065                           
  1066                           ; Padding undefined space
  1067  300008                     	org	3145736
  1068  300008  FF                 	db	255
  1069                           
  1070                           ;Config register CONFIG10 @ 0x300009
  1071                           ;	PFM and Data EEPROM Code Protection bit
  1072                           ;	CP = OFF, PFM and Data EEPROM code protection disabled
  1073  300009                     	org	3145737
  1074  300009  FF                 	db	255
  1075                           tosu	equ	0x4FF
  1076                           tosh	equ	0x4FE
  1077                           tosl	equ	0x4FD
  1078                           stkptr	equ	0x4FC
  1079                           pclatu	equ	0x4FB
  1080                           pclath	equ	0x4FA
  1081                           pcl	equ	0x4F9
  1082                           tblptru	equ	0x4F8
  1083                           tblptrh	equ	0x4F7
  1084                           tblptrl	equ	0x4F6
  1085                           tablat	equ	0x4F5
  1086                           prodh	equ	0x4F4
  1087                           prodl	equ	0x4F3
  1088                           indf0	equ	0x4EF
  1089                           postinc0	equ	0x4EE
  1090                           postdec0	equ	0x4ED
  1091                           preinc0	equ	0x4EC
  1092                           plusw0	equ	0x4EB
  1093                           fsr0h	equ	0x4EA
  1094                           fsr0l	equ	0x4E9
  1095                           wreg	equ	0x4E8
  1096                           indf1	equ	0x4E7
  1097                           postinc1	equ	0x4E6
  1098                           postdec1	equ	0x4E5
  1099                           preinc1	equ	0x4E4
  1100                           plusw1	equ	0x4E3
  1101                           fsr1h	equ	0x4E2
  1102                           fsr1l	equ	0x4E1
  1103                           bsr	equ	0x4E0
  1104                           indf2	equ	0x4DF
  1105                           postinc2	equ	0x4DE
  1106                           postdec2	equ	0x4DD
  1107                           preinc2	equ	0x4DC
  1108                           plusw2	equ	0x4DB
  1109                           fsr2h	equ	0x4DA
  1110                           fsr2l	equ	0x4D9
  1111                           status	equ	0x4D8

Data Sizes:
    Strings     0
    Constant    0
    Data        256
    BSS         13
    Persistent  0
    Stack       0

Auto Spaces:
    Space          Size  Autos    Used
    COMRAM           95      8      21
    BANK5           160      0       0
    BANK6           256      0     256
    BANK7           256      0       0
    BANK8           256      0       0
    BANK9           256      0       0
    BANK10          256      0       0
    BANK11          256      0       0
    BANK12          256      0       0
    BANK13          256      0       0
    BANK14          256      0       0
    BANK15          256      0       0
    BANK16          256      0       0
    BANK17          256      0       0
    BANK18          256      0       0
    BANK19          256      0       0
    BANK20          256      0       0
    BANK21          256      0       0
    BANK22          256      0       0
    BANK23          256      0       0
    BANK24          256      0       0
    BANK25          256      0       0
    BANK26          256      0       0
    BANK27          256      0       0
    BANK28          256      0       0
    BANK29          256      0       0
    BANK30          256      0       0
    BANK31          256      0       0
    BANK32          256      0       0
    BANK33          256      0       0
    BANK34          256      0       0
    BANK35          256      0       0
    BANK36          256      0       0
    BANK37          256      0       0

Pointer List with Targets:

    None.

Critical Paths under _main in COMRAM

    _main->_UserAppRun
    _UserAppRun->_TimeXus

Critical Paths under _main in BANK5

    None.

Critical Paths under _main in BANK6

    None.

Critical Paths under _main in BANK7

    None.

Critical Paths under _main in BANK8

    None.

Critical Paths under _main in BANK9

    None.

Critical Paths under _main in BANK10

    None.

Critical Paths under _main in BANK11

    None.

Critical Paths under _main in BANK12

    None.

Critical Paths under _main in BANK13

    None.

Critical Paths under _main in BANK14

    None.

Critical Paths under _main in BANK15

    None.

Critical Paths under _main in BANK16

    None.

Critical Paths under _main in BANK17

    None.

Critical Paths under _main in BANK18

    None.

Critical Paths under _main in BANK19

    None.

Critical Paths under _main in BANK20

    None.

Critical Paths under _main in BANK21

    None.

Critical Paths under _main in BANK22

    None.

Critical Paths under _main in BANK23

    None.

Critical Paths under _main in BANK24

    None.

Critical Paths under _main in BANK25

    None.

Critical Paths under _main in BANK26

    None.

Critical Paths under _main in BANK27

    None.

Critical Paths under _main in BANK28

    None.

Critical Paths under _main in BANK29

    None.

Critical Paths under _main in BANK30

    None.

Critical Paths under _main in BANK31

    None.

Critical Paths under _main in BANK32

    None.

Critical Paths under _main in BANK33

    None.

Critical Paths under _main in BANK34

    None.

Critical Paths under _main in BANK35

    None.

Critical Paths under _main in BANK36

    None.

Critical Paths under _main in BANK37

    None.

Call Graph Tables:

 ---------------------------------------------------------------------------------
 (Depth) Function   	        Calls       Base Space   Used Autos Params    Refs
 ---------------------------------------------------------------------------------
 (0) _main                                                 0     0      0     598
                         _ClockSetup
                          _GpioSetup
                       _SysTickSetup
                            _TimeXus
                  _UserAppInitialize
                         _UserAppRun
 ---------------------------------------------------------------------------------
 (1) _UserAppRun                                           2     2      0     333
                                              6 COMRAM     2     2      0
                            _TimeXus
 ---------------------------------------------------------------------------------
 (2) _TimeXus                                              6     4      2     265
                                              0 COMRAM     6     4      2
 ---------------------------------------------------------------------------------
 (1) _UserAppInitialize                                    0     0      0       0
 ---------------------------------------------------------------------------------
 (1) _SysTickSetup                                         0     0      0       0
 ---------------------------------------------------------------------------------
 (1) _GpioSetup                                            0     0      0       0
 ---------------------------------------------------------------------------------
 (1) _ClockSetup                                           0     0      0       0
 ---------------------------------------------------------------------------------
 Estimated maximum stack depth 2
 ---------------------------------------------------------------------------------

 Call Graph Graphs:

 _main (ROOT)
   _ClockSetup
   _GpioSetup
   _SysTickSetup
   _TimeXus
   _UserAppInitialize
   _UserAppRun
     _TimeXus

 Address spaces:
Name               Size   Autos  Total    Cost      Usage
BIGRAM            20FF      0       0      71        0.0%
EEDATA             400      0       0       0        0.0%
BITBANK37          100      0       0      70        0.0%
BANK37             100      0       0      68        0.0%
BITBANK36          100      0       0      66        0.0%
BANK36             100      0       0      67        0.0%
BITBANK35          100      0       0      64        0.0%
BANK35             100      0       0      65        0.0%
BITBANK34          100      0       0      62        0.0%
BANK34             100      0       0      63        0.0%
BITBANK33          100      0       0      60        0.0%
BANK33             100      0       0      61        0.0%
BITBANK32          100      0       0      58        0.0%
BANK32             100      0       0      59        0.0%
BITBANK31          100      0       0      56        0.0%
BANK31             100      0       0      57        0.0%
BITBANK30          100      0       0      54        0.0%
BANK30             100      0       0      55        0.0%
BITBANK29          100      0       0      52        0.0%
BANK29             100      0       0      53        0.0%
BITBANK28          100      0       0      50        0.0%
BANK28             100      0       0      51        0.0%
BITBANK27          100      0       0      48        0.0%
BANK27             100      0       0      49        0.0%
BITBANK26          100      0       0      46        0.0%
BANK26             100      0       0      47        0.0%
BITBANK25          100      0       0      44        0.0%
BANK25             100      0       0      45        0.0%
BITBANK24          100      0       0      42        0.0%
BANK24             100      0       0      43        0.0%
BITBANK23          100      0       0      40        0.0%
BANK23             100      0       0      41        0.0%
BITBANK22          100      0       0      38        0.0%
BANK22             100      0       0      39        0.0%
BITBANK21          100      0       0      36        0.0%
BANK21             100      0       0      37        0.0%
BITBANK20          100      0       0      34        0.0%
BANK20             100      0       0      35        0.0%
BITBANK19          100      0       0      32        0.0%
BANK19             100      0       0      33        0.0%
BITBANK18          100      0       0      30        0.0%
BANK18             100      0       0      31        0.0%
BITBANK17          100      0       0      28        0.0%
BANK17             100      0       0      29        0.0%
BITBANK16          100      0       0      26        0.0%
BANK16             100      0       0      27        0.0%
BITBANK15          100      0       0      24        0.0%
BANK15             100      0       0      25        0.0%
BITBANK14          100      0       0      22        0.0%
BANK14             100      0       0      23        0.0%
BITBANK13          100      0       0      20        0.0%
BANK13             100      0       0      21        0.0%
BITBANK12          100      0       0      18        0.0%
BANK12             100      0       0      19        0.0%
BITBANK11          100      0       0      16        0.0%
BANK11             100      0       0      17        0.0%
BITBANK10          100      0       0      14        0.0%
BANK10             100      0       0      15        0.0%
BITBANK9           100      0       0      12        0.0%
BANK9              100      0       0      13        0.0%
BITBANK8           100      0       0      10        0.0%
BANK8              100      0       0      11        0.0%
BITBANK7           100      0       0       8        0.0%
BANK7              100      0       0       9        0.0%
BITBANK6           100      0       0       6        0.0%
BANK6              100      0     100       7      100.0%
BITBANK5            A0      0       0       4        0.0%
BANK5               A0      0       0       5        0.0%
BITCOMRAM           5F      0       0       0        0.0%
COMRAM              5F      8      15       1       22.1%
BITSFR_5             0      0       0     200        0.0%
SFR_5                0      0       0     200        0.0%
BITSFR_4             0      0       0     200        0.0%
SFR_4                0      0       0     200        0.0%
BITSFR_3             0      0       0     200        0.0%
SFR_3                0      0       0     200        0.0%
BITSFR_2             0      0       0     200        0.0%
SFR_2                0      0       0     200        0.0%
BITSFR_1             0      0       0     200        0.0%
SFR_1                0      0       0     200        0.0%
BITSFR               0      0       0     200        0.0%
SFR                  0      0       0     200        0.0%
STACK                0      0       0       2        0.0%
NULL                 0      0       0       0        0.0%
ABS                  0      0     115      69        0.0%
DATA                 0      0     115       3        0.0%
CODE                 0      0       0       0        0.0%


Microchip Technology PIC18 Macro Assembler V2.31 build 20201012212115 
Symbol Table                                                                                   Wed Mar 31 22:19:12 2021

     __size_of_SysTickSetup 0022                          l13 FDBC                          l16 FDCE  
                        l19 FE06                          l48 FE92                          l83 FECE  
                        l78 FDE4                          l86 FEFA                          l89 FE38  
                        u40 FEDC                          u41 FED8                          u50 FEFA  
                        u51 FEF6                          u60 FEA0                          u61 FE9C  
                       l811 FE08                         l821 FE2C                         l813 FE18  
                       l823 FE32                         l815 FE1C                         l825 FDE6  
                       l817 FE20                         l833 FEB0                         l841 FE72  
                       l819 FE26                         l835 FEC2                         l827 FEA8  
                       l851 FE86                         l843 FE76                         l837 FEDC  
                       l845 FE7A                         l783 FDD0                         l847 FE7E  
                       l839 FE70                         l849 FE82                         l779 FDBE  
                       wreg 0004E8                        _LATA 0004BE                        _PIR3 0004B1  
                      _main FE70                _SysTickSetup FDE6                        fsr1h 0004E2  
                      indf2 0004DF                        fsr1l 0004E1                        fsr2l 0004D9  
                      start FFFC              TimeXus@u16Time 050E                ___param_bank 000000  
                _ClockSetup FDBC             __end_of_TimeXus FE3A                       ?_main 050E  
                     _TMR0H 000319                       _TMR0L 000318                       _TRISA 0004C6  
                     tablat 0004F5                       status 0004D8             __initialization FE3A  
              __end_of_main FEA8                      ??_main 0516               __activetblptr 000000  
                    _ANSELA 000400                      _T0CON0 00031A                      _T0CON1 00031B  
        __size_of_GpioSetup 0012                   ??_TimeXus 0510                 ?_ClockSetup 050E  
                    clear_0 FE64                      tblptrh 0004F7                      tblptrl 0004F6  
                    tblptru 0004F8                  _UserAppRun FEA8                  __accesstop 0560  
   __end_of__initialization FE6A               ___rparam_used 000001            TimeXus@u16userIN 0512  
          _G_u8UserAppFlags 050D              __pcstackCOMRAM 050E                __pidataBANK6 FEFC  
         __end_of_GpioSetup FDD0         __size_of_ClockSetup 0002                     _DAC1CON 00007F  
               ?_UserAppRun 050E                     __Hparam 0000                     __Lparam 0000  
                   _TimeXus FE08                     __pcinit FE3A                     __ramtop 2600  
                   __ptext0 FE70                     __ptext1 FEA8                     __ptext2 FE08  
                   __ptext3 FDD0                     __ptext4 FDE6                     __ptext5 FDBE  
                   __ptext6 FDBC        end_of_initialization FE6A            _G_u32SystemFlags 0501  
                   postdec1 0004E5                     postinc0 0004EE                ??_ClockSetup 050E  
       __size_of_UserAppRun 0054          __end_of_ClockSetup FDBE                 UserAppRun@i 0514  
             TimeXus@u8High 0511                 _au8sinTable 0600                   _GpioSetup FDBE  
       start_initialization FE3A               ?_SysTickSetup 050E                 __pdataBANK6 0600  
                ?_GpioSetup 050E                 __pbssCOMRAM 0501           _UserAppInitialize FDD0  
              ??_UserAppRun 0514          ?_UserAppInitialize 050E              ??_SysTickSetup 050E  
       ??_UserAppInitialize 050E                    ?_TimeXus 050E          __end_of_UserAppRun FEFC  
                  _DAC1DATL 00007D   __end_of_UserAppInitialize FDE6                    _PIR3bits 0004B1  
               ??_GpioSetup 050E                TimeXus@u8Low 0510                   copy_data0 FE4E  
                  __Hrparam 0000                    __Lrparam 0000            __size_of_TimeXus 0032  
      __end_of_SysTickSetup FE08  __size_of_UserAppInitialize 0016               __size_of_main 0038  
        _G_u32SystemTime1ms 0509           _G_u32SystemTime1s 0505  
